<?xml version="1.0" encoding="UTF-8"?>
<!-- Generated by org.testng.reporters.JUnitXMLReporter -->
<testsuite ignored="8" hostname="OB-Sum" failures="0" tests="2" name="Default test(failed)" time="296.38" errors="0" timestamp="2022-01-05T17:12:14 IST">
  <testcase classname="Test_Trial_Balance_Report.Clear_Data" name="GoToUrlAssertUrlPositiveEnternLOGINPositiveEnternPASSClickLoginGoToUrlAssertUrlClickAgentsP7_TC_01_LadgerCode_7016_7400_2091_Report" time="183.057"/>
  <testcase classname="Test_Trial_Balance_Report.Clear_Data" name="GoToUrlAssertUrlPositiveEnternLOGINPositiveEnternPASSClickLoginGoToUrlAssertUrlClickAgentsP6_TC_01_LadgerCode_7016_7400_2091_Report" time="102.796"/>
  <testcase classname="Test_Trial_Balance_Report.Clear_Data" name="GoToUrlAssertUrlPositiveEnternLOGINPositiveEnternPASSClickLoginGoToUrlAssertUrlClickAgentsP5_TC_01_LadgerCode_7016_7400_2091_Report" time="0.0">
    <ignored/>
  </testcase> <!-- GoToUrlAssertUrlPositiveEnternLOGINPositiveEnternPASSClickLoginGoToUrlAssertUrlClickAgentsP5_TC_01_LadgerCode_7016_7400_2091_Report -->
  <testcase classname="Test_Trial_Balance_Report.Clear_Data" name="GoToUrlAssertUrlPositiveEnternLOGINPositiveEnternPASSClickLoginGoToUrlAssertUrlClickAgentsP2_TC_01_LadgerCode_7016_7400_2091_Report" time="0.0">
    <ignored/>
  </testcase> <!-- GoToUrlAssertUrlPositiveEnternLOGINPositiveEnternPASSClickLoginGoToUrlAssertUrlClickAgentsP2_TC_01_LadgerCode_7016_7400_2091_Report -->
  <testcase classname="Test_Trial_Balance_Report.Clear_Data" name="GoToUrlAssertUrlPositiveEnternLOGINPositiveEnternPASSClickLoginGoToUrlAssertUrlClickAgentsP3_TC_01_LadgerCode_7016_7400_2091_Report" time="0.0">
    <ignored/>
  </testcase> <!-- GoToUrlAssertUrlPositiveEnternLOGINPositiveEnternPASSClickLoginGoToUrlAssertUrlClickAgentsP3_TC_01_LadgerCode_7016_7400_2091_Report -->
  <testcase classname="Test_Trial_Balance_Report.Clear_Data" name="GoToUrlAssertUrlPositiveEnternLOGINPositiveEnternPASSClickLoginGoToUrlAssertUrlClickAgentsP1_TC_01_LadgerCode_7016_7400_2091_Report" time="0.0">
    <ignored/>
  </testcase> <!-- GoToUrlAssertUrlPositiveEnternLOGINPositiveEnternPASSClickLoginGoToUrlAssertUrlClickAgentsP1_TC_01_LadgerCode_7016_7400_2091_Report -->
  <testcase classname="Test_Trial_Balance_Report.Clear_Data" name="GoToUrlAssertUrlPositiveEnternLOGINPositiveEnternPASSClickLoginGoToUrlAssertUrlClickAgentsP8_TC_01_LadgerCode_7016_7400_2091_Report" time="0.0">
    <ignored/>
  </testcase> <!-- GoToUrlAssertUrlPositiveEnternLOGINPositiveEnternPASSClickLoginGoToUrlAssertUrlClickAgentsP8_TC_01_LadgerCode_7016_7400_2091_Report -->
  <testcase classname="Test_Trial_Balance_Report.Clear_Data" name="GoToUrlAssertUrlPositiveEnternLOGINPositiveEnternPASSClickLoginGoToUrlAssertUrlClickAgentsP10_TC_01_LadgerCode_7016_7400_2091_Report" time="0.0">
    <ignored/>
  </testcase> <!-- GoToUrlAssertUrlPositiveEnternLOGINPositiveEnternPASSClickLoginGoToUrlAssertUrlClickAgentsP10_TC_01_LadgerCode_7016_7400_2091_Report -->
  <testcase classname="Test_Trial_Balance_Report.Clear_Data" name="GoToUrlAssertUrlPositiveEnternLOGINPositiveEnternPASSClickLoginGoToUrlAssertUrlClickAgentsP9_TC_01_LadgerCode_7016_7400_2091_Report" time="0.0">
    <ignored/>
  </testcase> <!-- GoToUrlAssertUrlPositiveEnternLOGINPositiveEnternPASSClickLoginGoToUrlAssertUrlClickAgentsP9_TC_01_LadgerCode_7016_7400_2091_Report -->
  <testcase classname="Test_Trial_Balance_Report.Clear_Data" name="GoToUrlAssertUrlPositiveEnternLOGINPositiveEnternPASSClickLoginGoToUrlAssertUrlClickAgentsP4_TC_01_LadgerCode_7016_7400_2091_Report" time="0.0">
    <ignored/>
  </testcase> <!-- GoToUrlAssertUrlPositiveEnternLOGINPositiveEnternPASSClickLoginGoToUrlAssertUrlClickAgentsP4_TC_01_LadgerCode_7016_7400_2091_Report -->
</testsuite> <!-- Default test(failed) -->
