<?xml version="1.0" encoding="UTF-8"?>
<!-- Generated by org.testng.reporters.JUnitXMLReporter -->
<testsuite ignored="7" hostname="OB-Sum" failures="2" tests="2" name="Default test(failed)" time="101.994" errors="0" timestamp="2021-10-08T23:14:40 IST">
  <testcase classname="test.ashiv.trialbalance_TRBALANKCE" name="GoToUrlClickAdvisortl1ClickTrialbalanceEntry2PositiveEnterctl00cPHFileUploadcsv1ClickUploadBtnMappingClickNextBtnAddRemoveEntryClickImportCRDR" time="46.605">
    <failure type="org.openqa.selenium.NoSuchElementException" message="Cannot locate element with text: 
For documentation on this error, please visit: https://www.seleniumhq.org/exceptions/no_such_element.html
Build info: version: &amp;apos;3.141.59&amp;apos;, revision: &amp;apos;e82be7d358&amp;apos;, time: &amp;apos;2018-11-14T08:25:48&amp;apos;
System info: host: &amp;apos;OB-SUM&amp;apos;, ip: &amp;apos;192.168.1.14&amp;apos;, os.name: &amp;apos;Windows 10&amp;apos;, os.arch: &amp;apos;amd64&amp;apos;, os.version: &amp;apos;10.0&amp;apos;, java.version: &amp;apos;15.0.1&amp;apos;
Driver info: driver.version: unknown">
      <![CDATA[org.openqa.selenium.NoSuchElementException: Cannot locate element with text: 
For documentation on this error, please visit: https://www.seleniumhq.org/exceptions/no_such_element.html
Build info: version: '3.141.59', revision: 'e82be7d358', time: '2018-11-14T08:25:48'
System info: host: 'OB-SUM', ip: '192.168.1.14', os.name: 'Windows 10', os.arch: 'amd64', os.version: '10.0', java.version: '15.0.1'
Driver info: driver.version: unknown
at org.openqa.selenium.support.ui.Select.selectByVisibleText(Select.java:147)
at Import_trial_Balance.trialbalance.Select_Balance7(trialbalance.java:231)
at test.ashiv.trialbalance_TRBALANKCE.GoToUrlClickAdvisortl1ClickTrialbalanceEntry2PositiveEnterctl00cPHFileUploadcsv1ClickUploadBtnMappingClickNextBtnAddRemoveEntryClickImportCRDR(trialbalance_TRBALANKCE.java:241)
at java.base/java.util.ArrayList.forEach(ArrayList.java:1511)
... Removed 27 stack frames]]>
    </failure>
  </testcase> <!-- GoToUrlClickAdvisortl1ClickTrialbalanceEntry2PositiveEnterctl00cPHFileUploadcsv1ClickUploadBtnMappingClickNextBtnAddRemoveEntryClickImportCRDR -->
  <testcase classname="test.ashiv.trialbalance_TRBALANKCE" name="GoToUrlClickAdvisortl1ClickTrialbalanceEntry2PositiveEnterctl00cPHFileUploadcsv1ClickUploadBtnMappingClickNextBtnAddRemoveEntryClickImportBalance" time="40.925">
    <failure type="org.junit.ComparisonFailure" message="expected:&amp;lt;[Success! Trial Balance uploaded successfully!]&amp;gt; but was:&amp;lt;[]&amp;gt;">
      <![CDATA[org.junit.ComparisonFailure: expected:<[Success! Trial Balance uploaded successfully!]> but was:<[]>
at org.junit.Assert.assertEquals(Assert.java:115)
at org.junit.Assert.assertEquals(Assert.java:144)
at Import_trial_Balance.trialbalance.Click_Mas9(trialbalance.java:289)
at test.ashiv.trialbalance_TRBALANKCE.GoToUrlClickAdvisortl1ClickTrialbalanceEntry2PositiveEnterctl00cPHFileUploadcsv1ClickUploadBtnMappingClickNextBtnAddRemoveEntryClickImportBalance(trialbalance_TRBALANKCE.java:124)
at java.base/java.util.ArrayList.forEach(ArrayList.java:1511)
... Removed 27 stack frames]]>
    </failure>
  </testcase> <!-- GoToUrlClickAdvisortl1ClickTrialbalanceEntry2PositiveEnterctl00cPHFileUploadcsv1ClickUploadBtnMappingClickNextBtnAddRemoveEntryClickImportBalance -->
  <testcase classname="test.ashiv.trialbalance_TRBALANKCE" name="GoToUrlClickAdvisortl1ClickTrialbalanceEntry2PositiveEnterctl00cPHFileUploadcsv1ClickUploadBtnCreditandDebitandBalanceAsColumnMappingClickNextBtnNagitiveTC1" time="0.0">
    <ignored/>
  </testcase> <!-- GoToUrlClickAdvisortl1ClickTrialbalanceEntry2PositiveEnterctl00cPHFileUploadcsv1ClickUploadBtnCreditandDebitandBalanceAsColumnMappingClickNextBtnNagitiveTC1 -->
  <testcase classname="test.ashiv.trialbalance_TRBALANKCE" name="GoToUrlClickAdvisortl1ClickTrialbalanceEntry2PositiveEnterctl00cPHFileUploadcsv1ClickUploadBtnCreditandDebitandBalanceAsColumnMappingClickNextBtnAndBalanceColumnIsNILinCsvFileNagitiveTC2" time="0.0">
    <ignored/>
  </testcase> <!-- GoToUrlClickAdvisortl1ClickTrialbalanceEntry2PositiveEnterctl00cPHFileUploadcsv1ClickUploadBtnCreditandDebitandBalanceAsColumnMappingClickNextBtnAndBalanceColumnIsNILinCsvFileNagitiveTC2 -->
  <testcase classname="test.ashiv.trialbalance_TRBALANKCE" name="GoToUrlClickAdvisortl1ClickTrialbalanceEntry2PositiveEnterctl00cPHFileUploadcsv1ClickUploadBtnCrditColumnMappingClickNextBtnNegitiveTC5" time="0.0">
    <ignored/>
  </testcase> <!-- GoToUrlClickAdvisortl1ClickTrialbalanceEntry2PositiveEnterctl00cPHFileUploadcsv1ClickUploadBtnCrditColumnMappingClickNextBtnNegitiveTC5 -->
  <testcase classname="test.ashiv.trialbalance_TRBALANKCE" name="GoToUrlClickAdvisortl1ClickTrialbalanceEntry2PositiveEnterctl00cPHFileUploadcsv1ClickUploadBtnBalanceMappingClickNextBtnAndBalanceColumnIsNil_in_CsvFileNegitiveTC3" time="0.0">
    <ignored/>
  </testcase> <!-- GoToUrlClickAdvisortl1ClickTrialbalanceEntry2PositiveEnterctl00cPHFileUploadcsv1ClickUploadBtnBalanceMappingClickNextBtnAndBalanceColumnIsNil_in_CsvFileNegitiveTC3 -->
  <testcase classname="test.ashiv.trialbalance_TRBALANKCE" name="GoToUrlClickAdvisortl1ClickTrialbalanceEntry2PositiveEnterctl00cPHFileUploadcsv1ClickUploadBtnDebitColumnMappingClickNextBtnNegitiveTC5" time="0.0">
    <ignored/>
  </testcase> <!-- GoToUrlClickAdvisortl1ClickTrialbalanceEntry2PositiveEnterctl00cPHFileUploadcsv1ClickUploadBtnDebitColumnMappingClickNextBtnNegitiveTC5 -->
  <testcase classname="test.ashiv.trialbalance_TRBALANKCE" name="GoToUrlClickAdvisortl1ClickTrialbalanceEntry2PositiveEnterctl00cPHFileUploadcsv1ClickUploadBtnImportTrialBalance_if_it_isGetImportedOnceNegitiveTC7" time="0.0">
    <ignored/>
  </testcase> <!-- GoToUrlClickAdvisortl1ClickTrialbalanceEntry2PositiveEnterctl00cPHFileUploadcsv1ClickUploadBtnImportTrialBalance_if_it_isGetImportedOnceNegitiveTC7 -->
  <testcase classname="test.ashiv.trialbalance_TRBALANKCE" name="GoToUrlClickAdvisortl1ClickTrialbalanceEntry2PositiveEnterctl00cPHFileUploadcsv1ClickUploadBtnInterchangingTheColumnMappingFromDebitToCreditAndCreditToDebitClickNextBtnNegitiveTC4" time="0.0">
    <ignored/>
  </testcase> <!-- GoToUrlClickAdvisortl1ClickTrialbalanceEntry2PositiveEnterctl00cPHFileUploadcsv1ClickUploadBtnInterchangingTheColumnMappingFromDebitToCreditAndCreditToDebitClickNextBtnNegitiveTC4 -->
</testsuite> <!-- Default test(failed) -->
