<?xml version="1.0" encoding="UTF-8"?>
<!-- Generated by org.testng.reporters.JUnitXMLReporter -->
<testsuite ignored="0" hostname="OB-Sum" failures="0" tests="1" name="Income_Customerlist_SelectedCustomer_TC01_TC02" time="45.064" errors="0" timestamp="2021-10-26T21:12:36 IST">
  <testcase classname="Test_Income.TestNewBatchEntry_TC01_TC02" name="ClickNew1ClickNewBatchEntry2PositiveEnterInvoiceDate3PositiveSelectSelectCustomer4PositiveCustomerList_SeleteCustomer_TC01_TC02" time="40.12"/>
</testsuite> <!-- Income_Customerlist_SelectedCustomer_TC01_TC02 -->
