<?xml version="1.0" encoding="UTF-8"?>
<!-- Generated by org.testng.reporters.JUnitXMLReporter -->
<testsuite ignored="0" hostname="OB-Sum" failures="0" tests="1" name="Income_Rep_Inv_Copy_TC01" time="42.501" errors="0" timestamp="2021-11-11T20:00:38 IST">
  <testcase classname="Test_Income.TestRepeatInvoice_TC01" name="GoToUrlClickView1ClickRepeatInvoice2ClickAddRepeatInvoice3PositiveSelectSelectCustomer4PosititClickThreeDot1ClickCopy_TC01" time="40.343"/>
</testsuite> <!-- Income_Rep_Inv_Copy_TC01 -->
