<?xml version="1.0" encoding="UTF-8"?>
<!-- Generated by org.testng.reporters.JUnitXMLReporter -->
<testsuite ignored="0" hostname="OB-Sum" failures="0" tests="9" name="Ledger_Reconciliation" time="436.574" errors="0" timestamp="2021-11-11T20:51:37 IST">
  <testcase classname="Test_Income.TestLadgerRecon_DefaultProfile" name="GoToUrlClickView2ClickLedgerReconciliation3PositiveSelectAccountType48PositiveSelectAccount59CViwe_TC01" time="42.096"/>
  <testcase classname="Test_Income.TestLadgerRecon_DefaultProfile" name="GoToUrlClickView2ClickLedgerReconciliation3PositiveSelectAccountType48PositiveSelectAccount59CViwe_TC02" time="45.916"/>
  <testcase classname="Test_Income.TestLadgerRecon_DefaultProfile" name="GoToUrlClickView2ClickLedgerReconciliation3PositiveSelectAccountType48PositiveSelectAccount59CViwe_TC03" time="44.662"/>
  <testcase classname="Test_Income.TestLadgerRecon_DefaultProfile" name="GoToUrlClickView2ClickLedgerReconciliation3PositiveSelectAccountType48PositiveSelectAccount59CViwe_TC04" time="60.857"/>
  <testcase classname="Test_Income.TestLadgerRecon_DefaultProfile" name="GoToUrlClickView2ClickLedgerReconciliation3PositiveSelectAccountType48PositiveSelectAccount59CViwe_TC05" time="46.365"/>
  <testcase classname="Test_Income.TestLadgerRecon_DefaultProfile" name="GoToUrlClickView2ClickLedgerReconciliation3PositiveSelectAccountType48PositiveSelectAccount59CViwe_TC06" time="54.196"/>
  <testcase classname="Test_Income.TestLadgerRecon_DefaultProfile" name="GoToUrlClickView2ClickLedgerReconciliation3PositiveSelectAccountType48PositiveSelectAccount59CViwe_TC07" time="43.399"/>
  <testcase classname="Test_Income.TestLadgerRecon_DefaultProfile" name="GoToUrlClickView2ClickLedgerReconciliation3PositiveSelectAccountType48PositiveSelectAccount59CViwe_TC08" time="40.295"/>
  <testcase classname="Test_Income.TestLadgerRecon_DefaultProfile" name="GoToUrlClickView2ClickLedgerReconciliation3PositiveSelectAccountType48PositiveSelectAccount59CViwe_TC09" time="39.869"/>
</testsuite> <!-- Ledger_Reconciliation -->
