<?xml version="1.0" encoding="UTF-8"?>
<!-- Generated by org.testng.reporters.JUnitXMLReporter -->
<testsuite ignored="0" hostname="OB-Sum" failures="0" tests="4" name="New Vat Only" time="188.311" errors="0" timestamp="2021-11-11T20:44:21 IST">
  <testcase classname="Test_Income.Test_VATOnlyInvoice" name="GoToUrlAssertUrlPositiveEnterUserNamePositiveEnterPasswordClickLoginButtonGoToUrlAssertUrlCl1_TC01" time="40.402"/>
  <testcase classname="Test_Income.Test_VATOnlyInvoice" name="GoToUrlAssertUrlPositiveEnterUserNamePositiveEnterPasswordClickLoginButtonGoToUrlAssertUrl_TC02" time="51.556"/>
  <testcase classname="Test_Income.Test_VATOnlyInvoice" name="GoToUrlAssertUrlPositiveEnterUserNamePositiveEnterPasswordClickLoginButtonGoToUrlAssertUrl_TC03" time="41.077"/>
  <testcase classname="Test_Income.Test_VATOnlyInvoice" name="GoToUrlAssertUrlPositiveEnterUserNamePositiveEnterPasswordClickLoginButtonGoToUrlAssertUrl_TC04" time="46.983"/>
</testsuite> <!-- New Vat Only -->
