<?xml version="1.0" encoding="UTF-8"?>
<!-- Generated by org.testng.reporters.JUnitXMLReporter -->
<testsuite ignored="0" hostname="OB-Sum" failures="0" tests="2" name="VAT3_InvoiceAdvanceReconcile_3(failed)" time="146.38" errors="0" timestamp="2021-11-25T18:31:18 IST">
  <testcase classname="VAT3_InvoiceAdvanceReconcile.SaleInToPartioalReconcileForVATOnly_DefaultProfile_3" name="GoToUrlAssertUrlPositiveEnternLOGINPositiveEnternPASSClickLoginGoToUrlAssertUrlClickAgentsP1" time="75.608"/>
  <testcase classname="VAT3_InvoiceAdvanceReconcile.SaleInToPartioalReconcileForVATOnly_DefaultProfile_3" name="GoToUrlAssertUrlPositiveEnternLOGINPositiveEnternPASSClickLoginGoToUrlAssertUrlClickAgentsP2" time="65.516"/>
</testsuite> <!-- VAT3_InvoiceAdvanceReconcile_3(failed) -->
