<?xml version="1.0" encoding="UTF-8"?>
<!-- Generated by org.testng.reporters.JUnitXMLReporter -->
<testsuite ignored="0" hostname="OB-Sum" failures="0" tests="6" name="VAT3.FullREC_S2_NOVAT(failed)" time="617.389" errors="0" timestamp="2021-12-20T14:44:29 IST">
  <testcase classname="VAT3.FullREC_S2_NOVAT.Supplier_debitNote_3" name="GoToUrlAssertUrlPositiveEnternLOGINPositiveEnternPASSClickLoginGoToUrlAssertUrlClickAgentsP7" time="103.714"/>
  <testcase classname="VAT3.FullREC_S2_NOVAT.Supplier_debitNote_3" name="GoToUrlAssertUrlPositiveEnternLOGINPositiveEnternPASSClickLoginGoToUrlAssertUrlClickAgentsP6" time="100.515"/>
  <testcase classname="VAT3.FullREC_S2_NOVAT.Supplier_debitNote_3" name="GoToUrlAssertUrlPositiveEnternLOGINPositiveEnternPASSClickLoginGoToUrlAssertUrlClickAgentsP3" time="99.204"/>
  <testcase classname="VAT3.FullREC_S2_NOVAT.Supplier_debitNote_3" name="GoToUrlAssertUrlPositiveEnternLOGINPositiveEnternPASSClickLoginGoToUrlAssertUrlClickAgentsP2" time="101.052"/>
  <testcase classname="VAT3.FullREC_S2_NOVAT.Supplier_debitNote_3" name="GoToUrlAssertUrlPositiveEnternLOGINPositiveEnternPASSClickLoginGoToUrlAssertUrlClickAgentsP1" time="97.704"/>
  <testcase classname="VAT3.FullREC_S2_NOVAT.Supplier_debitNote_3" name="GoToUrlAssertUrlPositiveEnternLOGINPositiveEnternPASSClickLoginGoToUrlAssertUrlClickAgentsP71" time="102.624"/>
</testsuite> <!-- VAT3.FullREC_S2_NOVAT(failed) -->
