<?xml version="1.0" encoding="UTF-8"?>
<!-- Generated by org.testng.reporters.JUnitXMLReporter -->
<testsuite ignored="0" hostname="OB-Sum" failures="0" tests="1" name="ScriptVATReturn1stVATReturnReport_SToFlat_DefaultProfile" time="50.283" errors="0" timestamp="2021-12-07T15:22:51 IST">
  <testcase classname="test.PartialReconcileOnStandard.ScriptVATReturn1stVATReturnReport_SToFlat_DefaultProfile" name="GoToUrlAssertUrlPositiveEnterUserNamePositiveEnterPasswordClickLoginButtonGoToUrlAssertUrlCl" time="48.007"/>
</testsuite> <!-- ScriptVATReturn1stVATReturnReport_SToFlat_DefaultProfile -->
