<?xml version="1.0" encoding="UTF-8"?>
<!-- Generated by org.testng.reporters.JUnitXMLReporter -->
<testsuite ignored="0" hostname="OB-Sum" failures="0" tests="1" name="UN_ScriptVATReturn3stVATReturnReport_S2NOVAT" time="37.479" errors="0" timestamp="2021-12-01T02:10:49 IST">
  <testcase classname="VAT3_UnReconciled_S2_NOVAT.UN_ScriptVATReturn3stVATReturnReport_S2NOVAT" name="GoToUrlAssertUrlPositiveEnterUserNamePositiveEnterPasswordClickLoginButtonGoToUrlAssertUrlCl" time="35.334"/>
</testsuite> <!-- UN_ScriptVATReturn3stVATReturnReport_S2NOVAT -->
