<?xml version="1.0" encoding="UTF-8"?>
<!-- Generated by org.testng.reporters.JUnitXMLReporter -->
<testsuite ignored="0" hostname="OB-Yogesh" failures="0" tests="6" name="BankingTr_VATPH3_StandToFlatDefaultProfile_1" time="257.801" errors="0" timestamp="2021-05-13T13:14:31 IST">
  <testcase classname="VATPhase3_Banking_allocateToExp.BankingTr_VATPH3_StandToFlatDefaultProfile_1" name="GoToUrlAssertUrlPositiveEnternLOGINPositiveEnternPASSClickLoginGoToUrlAssertUrlClickAgentsP1" time="30.286"/>
  <testcase classname="VATPhase3_Banking_allocateToExp.BankingTr_VATPH3_StandToFlatDefaultProfile_1" name="GoToUrlAssertUrlPositiveEnternLOGINPositiveEnternPASSClickLoginGoToUrlAssertUrlClickAgentsP2" time="34.005"/>
  <testcase classname="VATPhase3_Banking_allocateToExp.BankingTr_VATPH3_StandToFlatDefaultProfile_1" name="GoToUrlAssertUrlPositiveEnternLOGINPositiveEnternPASSClickLoginGoToUrlAssertUrlClickAgentsP3" time="36.066"/>
  <testcase classname="VATPhase3_Banking_allocateToExp.BankingTr_VATPH3_StandToFlatDefaultProfile_1" name="GoToUrlAssertUrlPositiveEnternLOGINPositiveEnternPASSClickLoginGoToUrlAssertUrlClickAgentsP4" time="31.162"/>
  <testcase classname="VATPhase3_Banking_allocateToExp.BankingTr_VATPH3_StandToFlatDefaultProfile_1" name="GoToUrlAssertUrlPositiveEnternLOGINPositiveEnternPASSClickLoginGoToUrlAssertUrlClickAgentsP5" time="29.668"/>
  <testcase classname="VATPhase3_Banking_allocateToExp.BankingTr_VATPH3_StandToFlatDefaultProfile_1" name="GoToUrlAssertUrlPositiveEnternLOGINPositiveEnternPASSClickLoginGoToUrlAssertUrlClickAgentsP6" time="44.703"/>
</testsuite> <!-- BankingTr_VATPH3_StandToFlatDefaultProfile_1 -->
