<?xml version="1.0" encoding="UTF-8"?>
<!-- Generated by org.testng.reporters.JUnitXMLReporter -->
<testsuite ignored="0" hostname="OB-Yogesh" failures="0" tests="6" name="BankingTr_VATPH3_StandToFlatDefaultProfile_3" time="228.663" errors="0" timestamp="2021-05-13T13:37:22 IST">
  <testcase classname="VATPhase3_Banking_allocateToExp.BankingTr_VATPH3_FlatToNoVATDefaultProfile_3" name="GoToUrlAssertUrlPositiveEnternLOGINPositiveEnternPASSClickLoginGoToUrlAssertUrlClickAgentsP1" time="28.693"/>
  <testcase classname="VATPhase3_Banking_allocateToExp.BankingTr_VATPH3_FlatToNoVATDefaultProfile_3" name="GoToUrlAssertUrlPositiveEnternLOGINPositiveEnternPASSClickLoginGoToUrlAssertUrlClickAgentsP2" time="27.828"/>
  <testcase classname="VATPhase3_Banking_allocateToExp.BankingTr_VATPH3_FlatToNoVATDefaultProfile_3" name="GoToUrlAssertUrlPositiveEnternLOGINPositiveEnternPASSClickLoginGoToUrlAssertUrlClickAgentsP3" time="28.107"/>
  <testcase classname="VATPhase3_Banking_allocateToExp.BankingTr_VATPH3_FlatToNoVATDefaultProfile_3" name="GoToUrlAssertUrlPositiveEnternLOGINPositiveEnternPASSClickLoginGoToUrlAssertUrlClickAgentsP4" time="28.396"/>
  <testcase classname="VATPhase3_Banking_allocateToExp.BankingTr_VATPH3_FlatToNoVATDefaultProfile_3" name="GoToUrlAssertUrlPositiveEnternLOGINPositiveEnternPASSClickLoginGoToUrlAssertUrlClickAgentsP5" time="27.826"/>
  <testcase classname="VATPhase3_Banking_allocateToExp.BankingTr_VATPH3_FlatToNoVATDefaultProfile_3" name="GoToUrlAssertUrlPositiveEnternLOGINPositiveEnternPASSClickLoginGoToUrlAssertUrlClickAgentsP6" time="27.393"/>
</testsuite> <!-- BankingTr_VATPH3_StandToFlatDefaultProfile_3 -->
