<?xml version="1.0" encoding="UTF-8"?>
<!-- Generated by org.testng.reporters.JUnitXMLReporter -->
<testsuite ignored="0" hostname="OB-Sum" failures="0" tests="2" name="SaleInToPartialReconcile_VATOnlyBill_DefaultProfile" time="149.912" errors="0" timestamp="2021-12-01T20:41:23 IST">
  <testcase classname="AdvanceReconcileByBankForSupplierBillSToFlat.SaleInToPartialReconcile_VATOnlyBill_DefaultProfile" name="GoToUrlAssertUrlPositiveEnternLOGINPositiveEnternPASSClickLoginGoToUrlAssertUrlClickAgentsP1" time="74.192"/>
  <testcase classname="AdvanceReconcileByBankForSupplierBillSToFlat.SaleInToPartialReconcile_VATOnlyBill_DefaultProfile" name="GoToUrlAssertUrlPositiveEnternLOGINPositiveEnternPASSClickLoginGoToUrlAssertUrlClickAgentsP2" time="71.357"/>
</testsuite> <!-- SaleInToPartialReconcile_VATOnlyBill_DefaultProfile -->
