<?xml version="1.0" encoding="UTF-8"?>
<!-- Generated by org.testng.reporters.JUnitXMLReporter -->
<testsuite ignored="0" hostname="OB-Yogesh" failures="0" tests="2" name="SaleInToPartialReconcile_VATOnlyBill_DefaultProfile" time="144.875" errors="0" timestamp="2021-04-30T12:31:18 IST">
  <testcase classname="AdvanceReconcileByBankForSupplierBillStandToNoVAT.SaleInToPartialReconcile_VATOnlyBill_DefaultProfile" name="GoToUrlAssertUrlPositiveEnternLOGINPositiveEnternPASSClickLoginGoToUrlAssertUrlClickAgentsP1" time="70.762"/>
  <testcase classname="AdvanceReconcileByBankForSupplierBillStandToNoVAT.SaleInToPartialReconcile_VATOnlyBill_DefaultProfile" name="GoToUrlAssertUrlPositiveEnternLOGINPositiveEnternPASSClickLoginGoToUrlAssertUrlClickAgentsP2" time="63.516"/>
</testsuite> <!-- SaleInToPartialReconcile_VATOnlyBill_DefaultProfile -->
