<?xml version="1.0" encoding="UTF-8"?>
<!-- Generated by org.testng.reporters.JUnitXMLReporter -->
<testsuite ignored="0" hostname="OB-Yogesh" failures="0" tests="1" name="ScriptPostVATReturn3stVATReturnReport_FRSTOStandard_DefaultProfile" time="39.315" errors="0" timestamp="2021-03-06T17:41:30 IST">
  <testcase classname="Supplier_FRSToFRSP.ScriptPostVATReturn3stVATReturnReport_FRSTOStandard_DefaultProfile" name="GoToUrlAssertUrlPositiveEnterUserNamePositiveEnterPasswordClickLoginButtonGoToUrlAssertUrlCl" time="34.056"/>
</testsuite> <!-- ScriptPostVATReturn3stVATReturnReport_FRSTOStandard_DefaultProfile -->
