<?xml version="1.0" encoding="UTF-8"?>
<!-- Generated by org.testng.reporters.JUnitXMLReporter -->
<testsuite ignored="0" hostname="OB-Sum" failures="0" tests="1" name="ScriptVATReturn3stVATReturnReport_FlatToNoVAT_DefaultProfile_3" time="49.826" errors="0" timestamp="2021-12-17T18:18:05 IST">
  <testcase classname="VATPhase3_Banking_ToSale.ScriptVATReturn3stVATReturnReport_FlatToNoVAT_DefaultProfile_3" name="GoToUrlAssertUrlPositiveEnterUserNamePositiveEnterPasswordClickLoginButtonGoToUrlAssertUrlCl" time="47.76"/>
</testsuite> <!-- ScriptVATReturn3stVATReturnReport_FlatToNoVAT_DefaultProfile_3 -->
