<?xml version="1.0" encoding="UTF-8"?>
<!-- Generated by org.testng.reporters.JUnitXMLReporter -->
<testsuite ignored="0" hostname="OB-Sum" failures="0" tests="1" name="ScriptPostVATReturn2stVATReturnReport_DefaultProfile" time="87.997" errors="0" timestamp="2021-08-24T10:30:14 IST">
  <testcase classname="tests.ScriptPostVATReturn2stVATReturnReport_DefaultProfile" name="GoToUrlAssertUrlPositiveEnterUserNamePositiveEnterPasswordClickLoginButtonGoToUrlAssertUrlCl" time="81.717"/>
</testsuite> <!-- ScriptPostVATReturn2stVATReturnReport_DefaultProfile -->
