<?xml version="1.0" encoding="UTF-8"?>
<!-- Generated by org.testng.reporters.JUnitXMLReporter -->
<testsuite ignored="0" hostname="OB-Sum" failures="0" tests="1" name="ScriptEditSettingToVATType_DefaultProfile_3" time="54.695" errors="0" timestamp="2021-11-15T10:22:52 IST">
  <testcase classname="VAT3_InvoiceUnreconcileCases.ScriptEditSettingToVATType_DefaultProfile_3" name="GoToUrlAssertUrlPositiveEnterUserNamePositiveEnterPasswordClickLoginButtonGoToUrlAssertUrlCl2" time="52.408"/>
</testsuite> <!-- ScriptEditSettingToVATType_DefaultProfile_3 -->
