<?xml version="1.0" encoding="UTF-8"?>
<!-- Generated by org.testng.reporters.JUnitXMLReporter -->
<testsuite ignored="0" hostname="OB-Yogesh" failures="0" tests="1" name="ScriptPostVATReturn1stVATReturnReport_FRSTONOVAT_DefaultProfile" time="43.247" errors="0" timestamp="2021-03-02T00:10:55 IST">
  <testcase classname="Supplier_FRSToNoVAT.ScriptPostVATReturn1stVATReturnReport_FRSTONOVAT_DefaultProfile" name="GoToUrlAssertUrlPositiveEnterUserNamePositiveEnterPasswordClickLoginButtonGoToUrlAssertUrlCl" time="37.84"/>
</testsuite> <!-- ScriptPostVATReturn1stVATReturnReport_FRSTONOVAT_DefaultProfile -->
