<?xml version="1.0" encoding="UTF-8"?>
<!-- Generated by org.testng.reporters.JUnitXMLReporter -->
<testsuite ignored="0" hostname="OB-Yogesh" failures="0" tests="1" name="ScriptEditVATFlatP_FlatToNoVAT_DefaultProfile_3" time="54.336" errors="0" timestamp="2021-05-13T13:33:33 IST">
  <testcase classname="VATPhase3_Banking_allocateToExp.ScriptEditVATFlatP_FlatToNoVAT_DefaultProfile_3" name="GoToUrlAssertUrlPositiveEnterUserNamePositiveEnterPasswordClickLoginButtonGoToUrlAssertUrlCl3" time="51.335"/>
</testsuite> <!-- ScriptEditVATFlatP_FlatToNoVAT_DefaultProfile_3 -->
