<?xml version="1.0" encoding="UTF-8"?>
<!-- Generated by org.testng.reporters.JUnitXMLReporter -->
<testsuite ignored="0" hostname="OB-Sum" failures="0" tests="1" name="ScriptVATReturn1stVATReturnReport_SToFRS_DefaultProfilePartioalReconcile_3" time="51.181" errors="0" timestamp="2021-11-15T19:27:45 IST">
  <testcase classname="VAT3_InvoiceAdvanceReconcile.ScriptVATReturn1stVATReturnReport_SToFRS_DefaultProfilePartioalReconcile_3" name="GoToUrlAssertUrlPositiveEnterUserNamePositiveEnterPasswordClickLoginButtonGoToUrlAssertUrlCl" time="49.033"/>
</testsuite> <!-- ScriptVATReturn1stVATReturnReport_SToFRS_DefaultProfilePartioalReconcile_3 -->
