<?xml version="1.0" encoding="UTF-8"?>
<!-- Generated by org.testng.reporters.JUnitXMLReporter -->
<testsuite ignored="0" hostname="OB-Yogesh" failures="0" tests="1" name="ScriptFlatToFlatP_StandToNoVAT_DefaultProfile_4" time="47.779" errors="0" timestamp="2021-05-13T13:51:40 IST">
  <testcase classname="VATPhase3_Banking_allocateToExp.ScriptFlatToFlatP_StandToNoVAT_DefaultProfile_4" name="GoToUrlAssertUrlPositiveEnterUserNamePositiveEnterPasswordClickLoginButtonGoToUrlAssertUrlCl1" time="44.735"/>
</testsuite> <!-- ScriptFlatToFlatP_StandToNoVAT_DefaultProfile_4 -->
