<?xml version="1.0" encoding="UTF-8"?>
<!-- Generated by org.testng.reporters.JUnitXMLReporter -->
<testsuite ignored="0" hostname="OB-Sum" failures="0" tests="1" name="ScriptVATReturn1stVATReturnReport_SToFRS_DefaultProfile_2" time="52.282" errors="0" timestamp="2021-11-15T10:14:16 IST">
  <testcase classname="VAT3_InvoiceUnreconcileCases.ScriptVATReturn1stVATReturnReport_SToFRS_DefaultProfile_2" name="GoToUrlAssertUrlPositiveEnterUserNamePositiveEnterPasswordClickLoginButtonGoToUrlAssertUrlCl" time="49.892"/>
</testsuite> <!-- ScriptVATReturn1stVATReturnReport_SToFRS_DefaultProfile_2 -->
