<?xml version="1.0" encoding="UTF-8"?>
<!-- Generated by org.testng.reporters.JUnitXMLReporter -->
<testsuite ignored="0" hostname="OB-Yogesh" failures="0" tests="1" name="ScriptStandardToFlat_CNAndVATOnly_DefaultProfile" time="40.061" errors="0" timestamp="2021-03-25T18:23:26 IST">
  <testcase classname="test.PartialReconciledCases.ScriptStandardToFlat_CNAndVATOnly_DefaultProfile" name="GoToUrlAssertUrlPositiveEnterUserNamePositiveEnterPasswordClickLoginButtonGoToUrlAssertUrlCl1" time="34.777"/>
</testsuite> <!-- ScriptStandardToFlat_CNAndVATOnly_DefaultProfile -->
