<?xml version="1.0" encoding="UTF-8"?>
<!-- Generated by org.testng.reporters.JUnitXMLReporter -->
<testsuite ignored="0" hostname="OB-Sum" failures="0" tests="6" name="ScriptSupplierBill_FRSToNoVAT_DefaultProfile" time="336.202" errors="0" timestamp="2021-12-03T15:34:48 IST">
  <testcase classname="Supplier_FRSToNoVAT.ScriptSupplierBill_FRSToNoVAT_DefaultProfile" name="GoToUrlAssertUrlPositiveEnterUserNamePositiveEnterPasswordClickLoginButtonGoToUrlAssertUrlCl1" time="48.381"/>
  <testcase classname="Supplier_FRSToNoVAT.ScriptSupplierBill_FRSToNoVAT_DefaultProfile" name="GoToUrlAssertUrlPositiveEnterUserNamePositiveEnterPasswordClickLoginButtonGoToUrlAssertUrlCl2" time="48.394"/>
  <testcase classname="Supplier_FRSToNoVAT.ScriptSupplierBill_FRSToNoVAT_DefaultProfile" name="GoToUrlAssertUrlPositiveEnterUserNamePositiveEnterPasswordClickLoginButtonGoToUrlAssertUrlCl3" time="48.14"/>
  <testcase classname="Supplier_FRSToNoVAT.ScriptSupplierBill_FRSToNoVAT_DefaultProfile" name="GoToUrlAssertUrlPositiveEnterUserNamePositiveEnterPasswordClickLoginButtonGoToUrlAssertUrlCl4" time="52.414"/>
  <testcase classname="Supplier_FRSToNoVAT.ScriptSupplierBill_FRSToNoVAT_DefaultProfile" name="GoToUrlAssertUrlPositiveEnterUserNamePositiveEnterPasswordClickLoginButtonGoToUrlAssertUrlCl5" time="48.405"/>
  <testcase classname="Supplier_FRSToNoVAT.ScriptSupplierBill_FRSToNoVAT_DefaultProfile" name="GoToUrlAssertUrlPositiveEnterUserNamePositiveEnterPasswordClickLoginButtonGoToUrlAssertUrlCl6" time="49.257"/>
</testsuite> <!-- ScriptSupplierBill_FRSToNoVAT_DefaultProfile -->
