<?xml version="1.0" encoding="UTF-8"?>
<!-- Generated by org.testng.reporters.JUnitXMLReporter -->
<testsuite ignored="0" hostname="OB-Sum" failures="0" tests="1" name="ScriptPostVATReturn1stVATReturnReport_DefaultProfile" time="54.924" errors="0" timestamp="2021-12-01T20:46:13 IST">
  <testcase classname="AdvanceReconcileByBankForSupplierBillSToFlat.ScriptPostVATReturn1stVATReturnReport_DefaultProfile" name="GoToUrlAssertUrlPositiveEnterUserNamePositiveEnterPasswordClickLoginButtonGoToUrlAssertUrlCl" time="52.694"/>
</testsuite> <!-- ScriptPostVATReturn1stVATReturnReport_DefaultProfile -->
