<?xml version="1.0" encoding="UTF-8"?>
<!-- Generated by org.testng.reporters.JUnitXMLReporter -->
<testsuite ignored="0" hostname="OB-Sum" failures="0" tests="1" name="ScriptStandardToFlat_DefaultProfilePartioalReconcile_1" time="60.682" errors="0" timestamp="2022-02-04T16:48:22 IST">
  <testcase classname="VAT3_InvoiceAdvanceReconcile.ScriptStandardToFlat_DefaultProfilePartioalReconcile_1" name="GoToUrlAssertUrlPositiveEnterUserNamePositiveEnterPasswordClickLoginButtonGoToUrlAssertUrlCl1" time="58.514"/>
</testsuite> <!-- ScriptStandardToFlat_DefaultProfilePartioalReconcile_1 -->
