<?xml version="1.0" encoding="UTF-8"?>
<!-- Generated by org.testng.reporters.JUnitXMLReporter -->
<testsuite ignored="0" hostname="OB-Yogesh" failures="0" tests="1" name="ScriptPostVATReturn3stVATReturnReport_FRSTONOVAT_DefaultProfile" time="39.239" errors="0" timestamp="2021-03-02T00:12:37 IST">
  <testcase classname="Supplier_FRSToNoVAT.ScriptPostVATReturn3stVATReturnReport_FRSTONOVAT_DefaultProfile" name="GoToUrlAssertUrlPositiveEnterUserNamePositiveEnterPasswordClickLoginButtonGoToUrlAssertUrlCl" time="33.857"/>
</testsuite> <!-- ScriptPostVATReturn3stVATReturnReport_FRSTONOVAT_DefaultProfile -->
