<?xml version="1.0" encoding="UTF-8"?>
<!-- Generated by org.testng.reporters.JUnitXMLReporter -->
<testsuite ignored="0" hostname="OB-Yogesh" failures="0" tests="1" name="ScriptVATReturn1stVATReturnReport_SToFlat_DefaultProfile" time="59.812" errors="0" timestamp="2021-04-08T10:30:11 IST">
  <testcase classname="test.AdvanceReconcilationSTOFLAT.ScriptVATReturn1stVATReturnReport_SToFlat_DefaultProfile" name="GoToUrlAssertUrlPositiveEnterUserNamePositiveEnterPasswordClickLoginButtonGoToUrlAssertUrlCl" time="54.366"/>
</testsuite> <!-- ScriptVATReturn1stVATReturnReport_SToFlat_DefaultProfile -->
