<?xml version="1.0" encoding="UTF-8"?>
<!-- Generated by org.testng.reporters.JUnitXMLReporter -->
<testsuite ignored="0" hostname="OB-Yogesh" failures="0" tests="1" name="ScriptPostVATReturn3stVATReturnReport_FlatToFlatP_DefaultProfile" time="37.485" errors="0" timestamp="2021-02-19T00:33:25 IST">
  <testcase classname="test.FlatToFlatPer.ScriptPostVATReturn3stVATReturnReport_FlatToFlatP_DefaultProfile" name="GoToUrlAssertUrlPositiveEnterUserNamePositiveEnterPasswordClickLoginButtonGoToUrlAssertUrlCl" time="32.127"/>
</testsuite> <!-- ScriptPostVATReturn3stVATReturnReport_FlatToFlatP_DefaultProfile -->
