<?xml version="1.0" encoding="UTF-8"?>
<!-- Generated by org.testng.reporters.JUnitXMLReporter -->
<testsuite ignored="0" hostname="OB-Yogesh" failures="0" tests="2" name="ScriptVATOnlyBillSToNOVAT_DefaultProfile" time="89.131" errors="0" timestamp="2021-02-26T22:27:09 IST">
  <testcase classname="Supplier_SToNoVAT.ScriptVATOnlyBillSToNOVAT_DefaultProfile" name="GoToUrlAssertUrlPositiveEnterUserNamePositiveEnterPasswordClickLoginButtonGoToUrlAssertUrlCl1" time="39.429"/>
  <testcase classname="Supplier_SToNoVAT.ScriptVATOnlyBillSToNOVAT_DefaultProfile" name="GoToUrlAssertUrlPositiveEnterUserNamePositiveEnterPasswordClickLoginButtonGoToUrlAssertUrlCl2" time="39.188"/>
</testsuite> <!-- ScriptVATOnlyBillSToNOVAT_DefaultProfile -->
