<?xml version="1.0" encoding="UTF-8"?>
<!-- Generated by org.testng.reporters.JUnitXMLReporter -->
<testsuite ignored="0" hostname="OB-Sum" failures="0" tests="1" name="ScriptPostVATReturn3stVATReturnReport_DefaultProfilePartioalReconcile_2" time="47.398" errors="0" timestamp="2021-11-15T18:54:27 IST">
  <testcase classname="VAT3_InvoiceAdvanceReconcile.ScriptPostVATReturn3stVATReturnReport_DefaultProfilePartioalReconcile_2" name="GoToUrlAssertUrlPositiveEnterUserNamePositiveEnterPasswordClickLoginButtonGoToUrlAssertUrlCl" time="45.242"/>
</testsuite> <!-- ScriptPostVATReturn3stVATReturnReport_DefaultProfilePartioalReconcile_2 -->
