<?xml version="1.0" encoding="UTF-8"?>
<!-- Generated by org.testng.reporters.JUnitXMLReporter -->
<testsuite ignored="0" hostname="OB-Sum" failures="0" tests="1" name="ScriptPostVATReturn2stVATReturnReport_DefaultProfilePartioalReconcile_3" time="77.879" errors="0" timestamp="2021-11-15T19:34:51 IST">
  <testcase classname="VAT3_InvoiceAdvanceReconcile.ScriptPostVATReturn2stVATReturnReport_DefaultProfilePartioalReconcile_3" name="GoToUrlAssertUrlPositiveEnterUserNamePositiveEnterPasswordClickLoginButtonGoToUrlAssertUrlCl" time="75.778"/>
</testsuite> <!-- ScriptPostVATReturn2stVATReturnReport_DefaultProfilePartioalReconcile_3 -->
