<?xml version="1.0" encoding="UTF-8"?>
<!-- Generated by org.testng.reporters.JUnitXMLReporter -->
<testsuite ignored="0" hostname="OB-Sum" failures="0" tests="1" name="Supplier_ScriptPostVATReturn3stVATReturnReport3" time="37.462" errors="0" timestamp="2021-11-26T19:56:49 IST">
  <testcase classname="VAT3.FullREC_F2_NOVAT.Supplier_ScriptPostVATReturn3stVATReturnReport3" name="GoToUrlAssertUrlPositiveEnterUserNamePositiveEnterPasswordClickLoginButtonGoToUrlAssertUrlCl" time="35.173"/>
</testsuite> <!-- Supplier_ScriptPostVATReturn3stVATReturnReport3 -->
