<?xml version="1.0" encoding="UTF-8"?>
<!-- Generated by org.testng.reporters.JUnitXMLReporter -->
<testsuite ignored="0" hostname="OB-Sum" failures="0" tests="1" name="TC_04_LadgerCode_3000_3007_1072_Report" time="110.663" errors="0" timestamp="2021-12-30T11:59:07 IST">
  <testcase classname="Test_Trial_Balance_Report.TC_04_LadgerCode_3000_3007_1072_Report" name="GoToUrlAssertUrlPositiveEnternLOGINPositiveEnternPASSClickLoginGoToUrlAssertUrlClickAgentsP1" time="108.478"/>
</testsuite> <!-- TC_04_LadgerCode_3000_3007_1072_Report -->
