<?xml version="1.0" encoding="UTF-8"?>
<!-- Generated by org.testng.reporters.JUnitXMLReporter -->
<testsuite ignored="0" hostname="OB-Sum" failures="0" tests="1" name="TC_09_LadgerCode_1322_1322_1322_Report" time="119.177" errors="0" timestamp="2021-12-30T12:08:41 IST">
  <testcase classname="Test_Trial_Balance_Report.TC_09_LadgerCode_1322_1322_1322_Report" name="GoToUrlAssertUrlPositiveEnternLOGINPositiveEnternPASSClickLoginGoToUrlAssertUrlClickAgentsP1" time="116.937"/>
</testsuite> <!-- TC_09_LadgerCode_1322_1322_1322_Report -->
