<?xml version="1.0" encoding="UTF-8"?>
<!-- Generated by org.testng.reporters.JUnitXMLReporter -->
<testsuite ignored="0" hostname="OB-Sum" failures="0" tests="3" name="TC_04_BSBFFixedAsset2529_DefaultProfile" time="411.805" errors="0" timestamp="2022-02-25T10:27:04 IST">
  <testcase classname="tests.BalanceSheet_Bf.TC_04_BSBFFixedAsset2529_DefaultProfile" name="GoToUrlAssertUrlPositiveEnternLOGINPositiveEnternPASSClickLoginGoToUrlAssertUrlClickAgentsP1" time="160.612"/>
  <testcase classname="tests.BalanceSheet_Bf.TC_04_BSBFFixedAsset2529_DefaultProfile" name="GoToUrlAssertUrlPositiveEnternLOGINPositiveEnternPASSClickLoginGoToUrlAssertUrlClickAgentsP2" time="123.063"/>
  <testcase classname="tests.BalanceSheet_Bf.TC_04_BSBFFixedAsset2529_DefaultProfile" name="GoToUrlAssertUrlPositiveEnternLOGINPositiveEnternPASSClickLoginGoToUrlAssertUrlClickAgentsP3" time="118.995"/>
</testsuite> <!-- TC_04_BSBFFixedAsset2529_DefaultProfile -->
