<?xml version="1.0" encoding="UTF-8"?>
<!-- Generated by org.testng.reporters.JUnitXMLReporter -->
<testsuite ignored="0" hostname="OB-Sum" failures="0" tests="3" name="TC_07_BSBFFixedAsset4044_DefaultProfile" time="457.181" errors="0" timestamp="2022-03-03T11:14:02 IST">
  <testcase classname="tests.BalanceSheet_Bf.TC_07_BSBFFixedAsset4044_DefaultProfile" name="GoToUrlAssertUrlPositiveEnternLOGINPositiveEnternPASSClickLoginGoToUrlAssertUrlClickAgentsP1" time="178.167"/>
  <testcase classname="tests.BalanceSheet_Bf.TC_07_BSBFFixedAsset4044_DefaultProfile" name="GoToUrlAssertUrlPositiveEnternLOGINPositiveEnternPASSClickLoginGoToUrlAssertUrlClickAgentsP2" time="132.215"/>
  <testcase classname="tests.BalanceSheet_Bf.TC_07_BSBFFixedAsset4044_DefaultProfile" name="GoToUrlAssertUrlPositiveEnternLOGINPositiveEnternPASSClickLoginGoToUrlAssertUrlClickAgentsP3" time="134.025"/>
</testsuite> <!-- TC_07_BSBFFixedAsset4044_DefaultProfile -->
