<?xml version="1.0" encoding="UTF-8"?>
<!-- Generated by org.testng.reporters.JUnitXMLReporter -->
<testsuite ignored="0" hostname="OB-Sum" failures="0" tests="3" name="TC_02_3_BS_FixedAsset_20_To_29_With_Journal_Bank_Supplier" time="320.124" errors="0" timestamp="2022-01-17T21:34:07 IST">
  <testcase classname="Test_Trial_Balance_RE_Jour_Bank_Supp_3.TC_02_3_BS_FixedAsset_20_To_29_With_Journal_Bank_Supplier" name="GoToUrlAssertUrlPositiveEnternLOGINPositiveEnternPASSClickLoginGoToUrlAssertUrlClickAgentsP1" time="60.178"/>
  <testcase classname="Test_Trial_Balance_RE_Jour_Bank_Supp_3.TC_02_3_BS_FixedAsset_20_To_29_With_Journal_Bank_Supplier" name="GoToUrlAssertUrlPositiveEnternLOGINPositiveEnternPASSClickLoginGoToUrlAssertUrlClickAgentsP2" time="134.722"/>
  <testcase classname="Test_Trial_Balance_RE_Jour_Bank_Supp_3.TC_02_3_BS_FixedAsset_20_To_29_With_Journal_Bank_Supplier" name="GoToUrlAssertUrlPositiveEnternLOGINPositiveEnternPASSClickLoginGoToUrlAssertUrlClickAgentsP3" time="117.994"/>
</testsuite> <!-- TC_02_3_BS_FixedAsset_20_To_29_With_Journal_Bank_Supplier -->
