<?xml version="1.0" encoding="UTF-8"?>
<!-- Generated by org.testng.reporters.JUnitXMLReporter -->
<testsuite ignored="0" hostname="OB-Sum" failures="0" tests="3" name="TC_12_BSBFFixedAsset215219_DefaultProfile" time="405.422" errors="0" timestamp="2022-02-25T11:14:30 IST">
  <testcase classname="tests.BalanceSheet_Bf.TC_12_BSBFFixedAsset215219_DefaultProfile" name="GoToUrlAssertUrlPositiveEnternLOGINPositiveEnternPASSClickLoginGoToUrlAssertUrlClickAgentsP1" time="156.461"/>
  <testcase classname="tests.BalanceSheet_Bf.TC_12_BSBFFixedAsset215219_DefaultProfile" name="GoToUrlAssertUrlPositiveEnternLOGINPositiveEnternPASSClickLoginGoToUrlAssertUrlClickAgentsP2" time="117.752"/>
  <testcase classname="tests.BalanceSheet_Bf.TC_12_BSBFFixedAsset215219_DefaultProfile" name="GoToUrlAssertUrlPositiveEnternLOGINPositiveEnternPASSClickLoginGoToUrlAssertUrlClickAgentsP3" time="122.926"/>
</testsuite> <!-- TC_12_BSBFFixedAsset215219_DefaultProfile -->
