<?xml version="1.0" encoding="UTF-8"?>
<!-- Generated by org.testng.reporters.JUnitXMLReporter -->
<testsuite ignored="0" hostname="OB-Sum" failures="0" tests="3" name="TC_11_BS_FixedAsset_210_To_2014_With_Journal_Bank_Expense" time="539.115" errors="0" timestamp="2022-01-25T13:47:47 IST">
  <testcase classname="Test_Balance_RE_Jour_Bank_Supp_3.TC_06_3_2_BS_FixedAsset_210_To_2014_With_Journal_Bank_Supplier" name="GoToUrlAssertUrlPositiveEnternLOGINPositiveEnternPASSClickLoginGoToUrlAssertUrlClickAgentsP1" time="100.325"/>
  <testcase classname="Test_Balance_RE_Jour_Bank_Supp_3.TC_06_3_2_BS_FixedAsset_210_To_2014_With_Journal_Bank_Supplier" name="GoToUrlAssertUrlPositiveEnternLOGINPositiveEnternPASSClickLoginGoToUrlAssertUrlClickAgentsP2" time="185.973"/>
  <testcase classname="Test_Balance_RE_Jour_Bank_Supp_3.TC_06_3_2_BS_FixedAsset_210_To_2014_With_Journal_Bank_Supplier" name="GoToUrlAssertUrlPositiveEnternLOGINPositiveEnternPASSClickLoginGoToUrlAssertUrlClickAgentsP3" time="246.702"/>
</testsuite> <!-- TC_11_BS_FixedAsset_210_To_2014_With_Journal_Bank_Expense -->
