<?xml version="1.0" encoding="UTF-8"?>
<!-- Generated by org.testng.reporters.JUnitXMLReporter -->
<testsuite ignored="0" hostname="OB-Sum" failures="0" tests="3" name="TC_14_3_BS_FixedAsset_600_To_609_With_Journal_Bank_Supplier" time="361.021" errors="0" timestamp="2022-01-12T23:55:09 IST">
  <testcase classname="Test_Trial_Balance_RE_Jour_Bank_Supp_3.TC_14_3_BS_FixedAsset_600_To_609_With_Journal_Bank_Supplier" name="GoToUrlAssertUrlPositiveEnternLOGINPositiveEnternPASSClickLoginGoToUrlAssertUrlClickAgentsP1" time="58.496"/>
  <testcase classname="Test_Trial_Balance_RE_Jour_Bank_Supp_3.TC_14_3_BS_FixedAsset_600_To_609_With_Journal_Bank_Supplier" name="GoToUrlAssertUrlPositiveEnternLOGINPositiveEnternPASSClickLoginGoToUrlAssertUrlClickAgentsP2" time="156.065"/>
  <testcase classname="Test_Trial_Balance_RE_Jour_Bank_Supp_3.TC_14_3_BS_FixedAsset_600_To_609_With_Journal_Bank_Supplier" name="GoToUrlAssertUrlPositiveEnternLOGINPositiveEnternPASSClickLoginGoToUrlAssertUrlClickAgentsP3" time="140.276"/>
</testsuite> <!-- TC_14_3_BS_FixedAsset_600_To_609_With_Journal_Bank_Supplier -->
