<?xml version="1.0" encoding="UTF-8"?>
<!-- Generated by org.testng.reporters.JUnitXMLReporter -->
<testsuite ignored="0" hostname="OB-Sum" failures="0" tests="1" name="TC_17_LadgerCode_265_4020_2060_Report" time="115.957" errors="0" timestamp="2021-12-30T12:18:13 IST">
  <testcase classname="Test_Trial_Balance_Report.TC_17_LadgerCode_265_4020_2060_Report" name="GoToUrlAssertUrlPositiveEnternLOGINPositiveEnternPASSClickLoginGoToUrlAssertUrlClickAgentsP1" time="113.748"/>
</testsuite> <!-- TC_17_LadgerCode_265_4020_2060_Report -->
