<?xml version="1.0" encoding="UTF-8"?>
<!-- Generated by org.testng.reporters.JUnitXMLReporter -->
<testsuite ignored="0" hostname="OB-Sum" failures="0" tests="2" name="TC_20_2_BS_DEBTOR_1401_1402_With_Journal_Bank" time="136.524" errors="0" timestamp="2022-01-13T00:14:14 IST">
  <testcase classname="Test_Trial_Balance_RE_Jour_Bank_Supp_3.TC_20_2_BS_DEBTOR_1401_1402_With_Journal_Bank" name="GoToUrlAssertUrlPositiveEnternLOGINPositiveEnternPASSClickLoginGoToUrlAssertUrlClickAgentsP1" time="59.255"/>
  <testcase classname="Test_Trial_Balance_RE_Jour_Bank_Supp_3.TC_20_2_BS_DEBTOR_1401_1402_With_Journal_Bank" name="GoToUrlAssertUrlPositiveEnternLOGINPositiveEnternPASSClickLoginGoToUrlAssertUrlClickAgentsP3" time="73.112"/>
</testsuite> <!-- TC_20_2_BS_DEBTOR_1401_1402_With_Journal_Bank -->
