<?xml version="1.0" encoding="UTF-8"?>
<!-- Generated by org.testng.reporters.JUnitXMLReporter -->
<testsuite ignored="0" hostname="OB-Sum" failures="0" tests="3" name="TC_33_BSBFTradeCreditor1070_DefaultProfile_JBI" time="294.266" errors="0" timestamp="2022-03-03T14:02:15 IST">
  <testcase classname="tests.BalanceSheet_Bf.TC_33_BSBFTradeCreditor1070_DefaultProfile_JBI" name="GoToUrlAssertUrlPositiveEnternLOGINPositiveEnternPASSClickLoginGoToUrlAssertUrlClickAgentsP1" time="124.563"/>
  <testcase classname="tests.BalanceSheet_Bf.TC_33_BSBFTradeCreditor1070_DefaultProfile_JBI" name="GoToUrlAssertUrlPositiveEnternLOGINPositiveEnternPASSClickLoginGoToUrlAssertUrlClickAgentsP2" time="82.251"/>
  <testcase classname="tests.BalanceSheet_Bf.TC_33_BSBFTradeCreditor1070_DefaultProfile_JBI" name="GoToUrlAssertUrlPositiveEnternLOGINPositiveEnternPASSClickLoginGoToUrlAssertUrlClickAgentsP3" time="79.815"/>
</testsuite> <!-- TC_33_BSBFTradeCreditor1070_DefaultProfile_JBI -->
