<?xml version="1.0" encoding="UTF-8"?>
<!-- Generated by org.testng.reporters.JUnitXMLReporter -->
<testsuite ignored="0" hostname="OB-Sum" failures="0" tests="2" name="TC_59_BSBFCurrentAsset14101450_DefaultProfile" time="252.35" errors="0" timestamp="2022-03-03T16:00:13 IST">
  <testcase classname="tests.BalanceSheet_Bf.TC_59_BSBFCurrentAsset14101450_DefaultProfile" name="GoToUrlAssertUrlPositiveEnternLOGINPositiveEnternPASSClickLoginGoToUrlAssertUrlClickAgentsP1" time="133.325"/>
  <testcase classname="tests.BalanceSheet_Bf.TC_59_BSBFCurrentAsset14101450_DefaultProfile" name="GoToUrlAssertUrlPositiveEnternLOGINPositiveEnternPASSClickLoginGoToUrlAssertUrlClickAgentsP3" time="114.096"/>
</testsuite> <!-- TC_59_BSBFCurrentAsset14101450_DefaultProfile -->
