<?xml version="1.0" encoding="UTF-8"?>
<!-- Generated by org.testng.reporters.JUnitXMLReporter -->
<testsuite ignored="0" hostname="OB-Sum" failures="0" tests="2" name="TC_57_BSBFProvisionForLiability24042406_DefaultProfile" time="270.33" errors="0" timestamp="2022-03-03T15:52:08 IST">
  <testcase classname="tests.BalanceSheet_Bf.TC_57_BSBFProvisionForLiability24042406_DefaultProfile" name="GoToUrlAssertUrlPositiveEnternLOGINPositiveEnternPASSClickLoginGoToUrlAssertUrlClickAgentsP1" time="148.894"/>
  <testcase classname="tests.BalanceSheet_Bf.TC_57_BSBFProvisionForLiability24042406_DefaultProfile" name="GoToUrlAssertUrlPositiveEnternLOGINPositiveEnternPASSClickLoginGoToUrlAssertUrlClickAgentsP3" time="116.258"/>
</testsuite> <!-- TC_57_BSBFProvisionForLiability24042406_DefaultProfile -->
