<?xml version="1.0" encoding="UTF-8"?>
<!-- Generated by org.testng.reporters.JUnitXMLReporter -->
<testsuite ignored="0" hostname="OB-Sum" failures="0" tests="1" name="UN_EditVATType_Standard_Flat2NOVAT" time="193.329" errors="0" timestamp="2021-11-19T22:42:29 IST">
  <testcase classname="VAT3_UnReconciled_FLAT2_NOVAT.UN_EditVATType_Standard_Flat2NOVAT" name="GoToUrlAssertUrlPositiveEnterUserNamePositiveEnterPasswordClickLoginButtonGoToUrlAssertUrlCl2" time="184.974"/>
</testsuite> <!-- UN_EditVATType_Standard_Flat2NOVAT -->
