<?xml version="1.0" encoding="UTF-8"?>
<!-- Generated by org.testng.reporters.JUnitXMLReporter -->
<testsuite ignored="0" hostname="OB-Sum" failures="0" tests="1" name="UN_ScriptVATReturn3stVATReturnReport_SToFRS_DefaultProfileFullyReconcile_1" time="39.021" errors="0" timestamp="2021-11-26T18:44:41 IST">
  <testcase classname="VAT3_UnReconciled_STOF.UN_ScriptVATReturn3stVATReturnReport_SToFRS_DefaultProfileFullyReconcile_1" name="GoToUrlAssertUrlPositiveEnterUserNamePositiveEnterPasswordClickLoginButtonGoToUrlAssertUrlCl" time="36.914"/>
</testsuite> <!-- UN_ScriptVATReturn3stVATReturnReport_SToFRS_DefaultProfileFullyReconcile_1 -->
