<?xml version="1.0" encoding="UTF-8"?>
<!-- Generated by org.testng.reporters.JUnitXMLReporter -->
<testsuite ignored="0" hostname="OB-Yogesh" failures="0" tests="1" name="ScriptPostVATReturn2stVATReturnReport_StandToFlat_DefaultProfile_1" time="76.546" errors="0" timestamp="2021-05-05T23:32:05 IST">
  <testcase classname="VATPhase3.ScriptPostVATReturn2stVATReturnReport_StandToFlat_DefaultProfile_1" name="GoToUrlAssertUrlPositiveEnterUserNamePositiveEnterPasswordClickLoginButtonGoToUrlAssertUrlCl" time="69.441"/>
</testsuite> <!-- ScriptPostVATReturn2stVATReturnReport_StandToFlat_DefaultProfile_1 -->
