<?xml version="1.0" encoding="UTF-8"?>
<!-- Generated by org.testng.reporters.JUnitXMLReporter -->
<testsuite ignored="0" hostname="OB-Sum" failures="0" tests="3" name="test.ashiv.SaleInvoice_DefaultProfile" time="846.496" errors="0" timestamp="2022-02-15T21:32:39 IST">
  <testcase classname="test.ashiv.Test_Find_Match" name="GoToUrlAssertUrlClickSalesTabClickNewButtonClickNewInvoicePositiveSelectCustomerNamePositiveGoToUrlAssertUrlClickSalesTabClickNewButtonClickNewInvoicePositiveSelectCustomerNamePositiveunreconciledtTransactionNewTransactionLedgerCode1070FindAndSearchIconInvoiceReconciledClickReconcileButton_1" time="244.87"/>
  <testcase classname="test.ashiv.Test_Find_Match" name="GoToUrlAssertUrlClickSalesTabClickNewButtonClickNewInvoicePositiveSelectCustomerNamePositiveunreconciledtTransactionNewTransactionLedgerCode1070FindAndSearchIconInvoiceReconciledClickReconcileButtonJournalReconcilation" time="295.504"/>
  <testcase classname="test.ashiv.Test_Find_Match" name="GoToUrlAssertUrlClickSalesTabClickNewButtonClickNewInvoicePositiveSelectCustomerNamePositiveunreconciledtTransactionNewTransactionLedgerCode1070FindAndSearchIconInvoiceReconciledClickReconcileButtonPartialReconcilation" time="298.435"/>
</testsuite> <!-- test.ashiv.SaleInvoice_DefaultProfile -->
