<?xml version="1.0" encoding="UTF-8"?>
<!-- Generated by org.testng.reporters.JUnitXMLReporter -->
<testsuite ignored="0" hostname="OB-Sum" failures="0" tests="6" name="ScriptDebitNoteSToFRS_DefaultProfile" time="339.064" errors="0" timestamp="2021-12-03T18:11:45 IST">
  <testcase classname="Supplier_FRStoSTND.ScriptDebitNoteSToFRS_DefaultProfile" name="GoToUrlAssertUrlPositiveEnterUserNamePositiveEnterPasswordClickLoginButtonGoToUrlAssertUrlCl1" time="52.926"/>
  <testcase classname="Supplier_FRStoSTND.ScriptDebitNoteSToFRS_DefaultProfile" name="GoToUrlAssertUrlPositiveEnterUserNamePositiveEnterPasswordClickLoginButtonGoToUrlAssertUrlCl2" time="55.098"/>
  <testcase classname="Supplier_FRStoSTND.ScriptDebitNoteSToFRS_DefaultProfile" name="GoToUrlAssertUrlPositiveEnterUserNamePositiveEnterPasswordClickLoginButtonGoToUrlAssertUrlCl3" time="53.185"/>
  <testcase classname="Supplier_FRStoSTND.ScriptDebitNoteSToFRS_DefaultProfile" name="GoToUrlAssertUrlPositiveEnterUserNamePositiveEnterPasswordClickLoginButtonGoToUrlAssertUrlCl4" time="55.361"/>
  <testcase classname="Supplier_FRStoSTND.ScriptDebitNoteSToFRS_DefaultProfile" name="GoToUrlAssertUrlPositiveEnterUserNamePositiveEnterPasswordClickLoginButtonGoToUrlAssertUrlCl5" time="54.938"/>
  <testcase classname="Supplier_FRStoSTND.ScriptDebitNoteSToFRS_DefaultProfile" name="GoToUrlAssertUrlPositiveEnterUserNamePositiveEnterPasswordClickLoginButtonGoToUrlAssertUrlCl6" time="54.587"/>
</testsuite> <!-- ScriptDebitNoteSToFRS_DefaultProfile -->
