<?xml version="1.0" encoding="UTF-8"?>
<!-- Generated by org.testng.reporters.JUnitXMLReporter -->
<testsuite ignored="0" hostname="OB-Sum" failures="0" tests="1" name="ScriptSubcontractorBillSToFRS_DefaultProfile" time="39.217" errors="0" timestamp="2021-12-03T18:14:12 IST">
  <testcase classname="Supplier_FRStoSTND.ScriptSubcontractorBillSToFRS_DefaultProfile" name="GoToUrlAssertUrlPositiveEnterUserNamePositiveEnterPasswordClickLoginButtonGoToUrlAssertUrlCl" time="34.134"/>
</testsuite> <!-- ScriptSubcontractorBillSToFRS_DefaultProfile -->
