<?xml version="1.0" encoding="UTF-8"?>
<!-- Generated by org.testng.reporters.JUnitXMLReporter -->
<testsuite ignored="0" hostname="OB-Sum" failures="0" tests="1" name="ScriptVATReturn3stVATReturnReport_SToFlat_cus" time="38.036" errors="0" timestamp="2021-12-01T01:10:29 IST">
  <testcase classname="VAT2.S2NoVAT.ScriptVATReturn3stVATReturnReport_SToFlat_cus" name="GoToUrlAssertUrlPositiveEnterUserNamePositiveEnterPasswordClickLoginButtonGoToUrlAssertUrlCl" time="35.887"/>
</testsuite> <!-- ScriptVATReturn3stVATReturnReport_SToFlat_cus -->
