<?xml version="1.0" encoding="UTF-8"?>
<!-- Generated by org.testng.reporters.JUnitXMLReporter -->
<testsuite ignored="0" hostname="OB-Sum" failures="0" tests="1" name="ScriptPostVATReturn1stVATReturnReport_FRSTOStandard_DefaultProfile" time="56.192" errors="0" timestamp="2021-12-03T17:54:09 IST">
  <testcase classname="Supplier_FRSToStandard.ScriptPostVATReturn1stVATReturnReport_FRSTOStandard_DefaultProfile" name="GoToUrlAssertUrlPositiveEnterUserNamePositiveEnterPasswordClickLoginButtonGoToUrlAssertUrlCl" time="49.438"/>
</testsuite> <!-- ScriptPostVATReturn1stVATReturnReport_FRSTOStandard_DefaultProfile -->
