<?xml version="1.0" encoding="UTF-8"?>
<!-- Generated by org.testng.reporters.JUnitXMLReporter -->
<testsuite ignored="0" hostname="OB-Sum" failures="0" tests="1" name="ScriptVATReturn3stVATReturnReport_SToNOVAT_DefaultProfile" time="48.611" errors="0" timestamp="2021-12-06T22:07:30 IST">
  <testcase classname="tests.ScriptVATReturn3stVATReturnReport_SToNOVAT_DefaultProfile" name="GoToUrlAssertUrlPositiveEnterUserNamePositiveEnterPasswordClickLoginButtonGoToUrlAssertUrlCl" time="46.519"/>
</testsuite> <!-- ScriptVATReturn3stVATReturnReport_SToNOVAT_DefaultProfile -->
