<?xml version="1.0" encoding="UTF-8"?>
<!-- Generated by org.testng.reporters.JUnitXMLReporter -->
<testsuite ignored="0" hostname="OB-Sum" failures="0" tests="1" name="ScriptVATReturn2stVATReturnReport_SToFlat_cus" time="64.493" errors="0" timestamp="2021-12-01T00:43:03 IST">
  <testcase classname="VAT2.S2F.pre2_ScriptVATReturn2stVATReturnReport_SToFlat_cus" name="GoToUrlAssertUrlPositiveEnterUserNamePositiveEnterPasswordClickLoginButtonGoToUrlAssertUrlCl" time="62.39"/>
</testsuite> <!-- ScriptVATReturn2stVATReturnReport_SToFlat_cus -->
