<?xml version="1.0" encoding="UTF-8"?>
<!-- Generated by org.testng.reporters.JUnitXMLReporter -->
<testsuite ignored="8" hostname="OB-Sum" failures="1" tests="1" name="Default test(failed)(failed)(failed)(failed)(failed)" time="58.582" errors="0" timestamp="2021-10-08T23:42:10 IST">
  <testcase classname="test.ashiv.trialbalance_TRBALANKCE" name="GoToUrlClickAdvisortl1ClickTrialbalanceEntry2PositiveEnterctl00cPHFileUploadcsv1ClickUploadBtnMappingClickNextBtnAddRemoveEntryClickImportBalance" time="51.415">
    <failure type="org.openqa.selenium.StaleElementReferenceException" message="stale element reference: element is not attached to the page document
  (Session info: chrome=94.0.4606.71)
  (Driver info: chromedriver=2.40.565498 (ea082db3280dd6843ebfb08a625e3eb905c4f5ab),platform=Windows NT 10.0.19042 x86_64) (WARNING: The server did not provide any stacktrace information)
Command duration or timeout: 0 milliseconds
For documentation on this error, please visit: https://www.seleniumhq.org/exceptions/stale_element_reference.html
Build info: version: &amp;apos;3.141.59&amp;apos;, revision: &amp;apos;e82be7d358&amp;apos;, time: &amp;apos;2018-11-14T08:25:48&amp;apos;
System info: host: &amp;apos;OB-SUM&amp;apos;, ip: &amp;apos;192.168.1.14&amp;apos;, os.name: &amp;apos;Windows 10&amp;apos;, os.arch: &amp;apos;amd64&amp;apos;, os.version: &amp;apos;10.0&amp;apos;, java.version: &amp;apos;15.0.1&amp;apos;
Driver info: org.openqa.selenium.chrome.ChromeDriver
Capabilities {acceptInsecureCerts: false, acceptSslCerts: false, applicationCacheEnabled: false, browserConnectionEnabled: false, browserName: chrome, chrome: {chromedriverVersion: 2.40.565498 (ea082db3280dd6..., userDataDir: C:\Users\Poonam\AppData\Loc...}, cssSelectorsEnabled: true, databaseEnabled: false, handlesAlerts: true, hasTouchScreen: false, javascriptEnabled: true, locationContextEnabled: true, mobileEmulationEnabled: false, nativeEvents: true, networkConnectionEnabled: false, pageLoadStrategy: normal, platform: XP, platformName: XP, rotatable: false, setWindowRect: true, takesHeapSnapshot: true, takesScreenshot: true, unexpectedAlertBehaviour: , unhandledPromptBehavior: , version: 94.0.4606.71, webStorageEnabled: true}
Session ID: 6bd1553cc2b7ceb17c4870f29167283e">
      <![CDATA[org.openqa.selenium.StaleElementReferenceException: stale element reference: element is not attached to the page document
  (Session info: chrome=94.0.4606.71)
  (Driver info: chromedriver=2.40.565498 (ea082db3280dd6843ebfb08a625e3eb905c4f5ab),platform=Windows NT 10.0.19042 x86_64) (WARNING: The server did not provide any stacktrace information)
Command duration or timeout: 0 milliseconds
For documentation on this error, please visit: https://www.seleniumhq.org/exceptions/stale_element_reference.html
Build info: version: '3.141.59', revision: 'e82be7d358', time: '2018-11-14T08:25:48'
System info: host: 'OB-SUM', ip: '192.168.1.14', os.name: 'Windows 10', os.arch: 'amd64', os.version: '10.0', java.version: '15.0.1'
Driver info: org.openqa.selenium.chrome.ChromeDriver
Capabilities {acceptInsecureCerts: false, acceptSslCerts: false, applicationCacheEnabled: false, browserConnectionEnabled: false, browserName: chrome, chrome: {chromedriverVersion: 2.40.565498 (ea082db3280dd6..., userDataDir: C:\Users\Poonam\AppData\Loc...}, cssSelectorsEnabled: true, databaseEnabled: false, handlesAlerts: true, hasTouchScreen: false, javascriptEnabled: true, locationContextEnabled: true, mobileEmulationEnabled: false, nativeEvents: true, networkConnectionEnabled: false, pageLoadStrategy: normal, platform: XP, platformName: XP, rotatable: false, setWindowRect: true, takesHeapSnapshot: true, takesScreenshot: true, unexpectedAlertBehaviour: , unhandledPromptBehavior: , version: 94.0.4606.71, webStorageEnabled: true}
Session ID: 6bd1553cc2b7ceb17c4870f29167283e
at org.openqa.selenium.remote.ErrorHandler.createThrowable(ErrorHandler.java:214)
at org.openqa.selenium.remote.ErrorHandler.throwIfResponseFailed(ErrorHandler.java:166)
at org.openqa.selenium.remote.http.JsonHttpResponseCodec.reconstructValue(JsonHttpResponseCodec.java:40)
at org.openqa.selenium.remote.http.AbstractHttpResponseCodec.decode(AbstractHttpResponseCodec.java:80)
at org.openqa.selenium.remote.http.AbstractHttpResponseCodec.decode(AbstractHttpResponseCodec.java:44)
at org.openqa.selenium.remote.HttpCommandExecutor.execute(HttpCommandExecutor.java:158)
at org.openqa.selenium.remote.service.DriverCommandExecutor.execute(DriverCommandExecutor.java:83)
at org.openqa.selenium.remote.RemoteWebDriver.execute(RemoteWebDriver.java:552)
at org.openqa.selenium.remote.RemoteWebElement.execute(RemoteWebElement.java:285)
at org.openqa.selenium.remote.RemoteWebElement.click(RemoteWebElement.java:84)
at Import_trial_Balance.trialbalance.Add_RemoveEntry(trialbalance.java:309)
at test.ashiv.trialbalance_TRBALANKCE.GoToUrlClickAdvisortl1ClickTrialbalanceEntry2PositiveEnterctl00cPHFileUploadcsv1ClickUploadBtnMappingClickNextBtnAddRemoveEntryClickImportBalance(trialbalance_TRBALANKCE.java:129)
at java.base/java.util.ArrayList.forEach(ArrayList.java:1511)
... Removed 32 stack frames]]>
    </failure>
  </testcase> <!-- GoToUrlClickAdvisortl1ClickTrialbalanceEntry2PositiveEnterctl00cPHFileUploadcsv1ClickUploadBtnMappingClickNextBtnAddRemoveEntryClickImportBalance -->
  <testcase classname="test.ashiv.trialbalance_TRBALANKCE" name="GoToUrlClickAdvisortl1ClickTrialbalanceEntry2PositiveEnterctl00cPHFileUploadcsv1ClickUploadBtnMappingClickNextBtnAddRemoveEntryClickImportCRDR" time="0.0">
    <ignored/>
  </testcase> <!-- GoToUrlClickAdvisortl1ClickTrialbalanceEntry2PositiveEnterctl00cPHFileUploadcsv1ClickUploadBtnMappingClickNextBtnAddRemoveEntryClickImportCRDR -->
  <testcase classname="test.ashiv.trialbalance_TRBALANKCE" name="GoToUrlClickAdvisortl1ClickTrialbalanceEntry2PositiveEnterctl00cPHFileUploadcsv1ClickUploadBtnCreditandDebitandBalanceAsColumnMappingClickNextBtnNagitiveTC1" time="0.0">
    <ignored/>
  </testcase> <!-- GoToUrlClickAdvisortl1ClickTrialbalanceEntry2PositiveEnterctl00cPHFileUploadcsv1ClickUploadBtnCreditandDebitandBalanceAsColumnMappingClickNextBtnNagitiveTC1 -->
  <testcase classname="test.ashiv.trialbalance_TRBALANKCE" name="GoToUrlClickAdvisortl1ClickTrialbalanceEntry2PositiveEnterctl00cPHFileUploadcsv1ClickUploadBtnCreditandDebitandBalanceAsColumnMappingClickNextBtnAndBalanceColumnIsNILinCsvFileNagitiveTC2" time="0.0">
    <ignored/>
  </testcase> <!-- GoToUrlClickAdvisortl1ClickTrialbalanceEntry2PositiveEnterctl00cPHFileUploadcsv1ClickUploadBtnCreditandDebitandBalanceAsColumnMappingClickNextBtnAndBalanceColumnIsNILinCsvFileNagitiveTC2 -->
  <testcase classname="test.ashiv.trialbalance_TRBALANKCE" name="GoToUrlClickAdvisortl1ClickTrialbalanceEntry2PositiveEnterctl00cPHFileUploadcsv1ClickUploadBtnCrditColumnMappingClickNextBtnNegitiveTC5" time="0.0">
    <ignored/>
  </testcase> <!-- GoToUrlClickAdvisortl1ClickTrialbalanceEntry2PositiveEnterctl00cPHFileUploadcsv1ClickUploadBtnCrditColumnMappingClickNextBtnNegitiveTC5 -->
  <testcase classname="test.ashiv.trialbalance_TRBALANKCE" name="GoToUrlClickAdvisortl1ClickTrialbalanceEntry2PositiveEnterctl00cPHFileUploadcsv1ClickUploadBtnBalanceMappingClickNextBtnAndBalanceColumnIsNil_in_CsvFileNegitiveTC3" time="0.0">
    <ignored/>
  </testcase> <!-- GoToUrlClickAdvisortl1ClickTrialbalanceEntry2PositiveEnterctl00cPHFileUploadcsv1ClickUploadBtnBalanceMappingClickNextBtnAndBalanceColumnIsNil_in_CsvFileNegitiveTC3 -->
  <testcase classname="test.ashiv.trialbalance_TRBALANKCE" name="GoToUrlClickAdvisortl1ClickTrialbalanceEntry2PositiveEnterctl00cPHFileUploadcsv1ClickUploadBtnDebitColumnMappingClickNextBtnNegitiveTC5" time="0.0">
    <ignored/>
  </testcase> <!-- GoToUrlClickAdvisortl1ClickTrialbalanceEntry2PositiveEnterctl00cPHFileUploadcsv1ClickUploadBtnDebitColumnMappingClickNextBtnNegitiveTC5 -->
  <testcase classname="test.ashiv.trialbalance_TRBALANKCE" name="GoToUrlClickAdvisortl1ClickTrialbalanceEntry2PositiveEnterctl00cPHFileUploadcsv1ClickUploadBtnImportTrialBalance_if_it_isGetImportedOnceNegitiveTC7" time="0.0">
    <ignored/>
  </testcase> <!-- GoToUrlClickAdvisortl1ClickTrialbalanceEntry2PositiveEnterctl00cPHFileUploadcsv1ClickUploadBtnImportTrialBalance_if_it_isGetImportedOnceNegitiveTC7 -->
  <testcase classname="test.ashiv.trialbalance_TRBALANKCE" name="GoToUrlClickAdvisortl1ClickTrialbalanceEntry2PositiveEnterctl00cPHFileUploadcsv1ClickUploadBtnInterchangingTheColumnMappingFromDebitToCreditAndCreditToDebitClickNextBtnNegitiveTC4" time="0.0">
    <ignored/>
  </testcase> <!-- GoToUrlClickAdvisortl1ClickTrialbalanceEntry2PositiveEnterctl00cPHFileUploadcsv1ClickUploadBtnInterchangingTheColumnMappingFromDebitToCreditAndCreditToDebitClickNextBtnNegitiveTC4 -->
</testsuite> <!-- Default test(failed)(failed)(failed)(failed)(failed) -->
