<?xml version="1.0" encoding="UTF-8"?>
<!-- Generated by org.testng.reporters.JUnitXMLReporter -->
<testsuite ignored="0" hostname="OB-Sum" failures="0" tests="1" name="Advance Reconciled Credit Note With Journal" time="120.855" errors="0" timestamp="2021-11-11T23:57:41 IST">
  <testcase classname="Test_AS_Advance_Reconcilation.Test_Advance_CreditNote_Reconcilation_JouEny" name="GoToUrlAssertUrlPositiveEnternLOGINPositiveEnternPASSClickLoginGoToUrlAssertUrlClickAgentsTC02" time="118.801"/>
</testsuite> <!-- Advance Reconciled Credit Note With Journal -->
