<?xml version="1.0" encoding="UTF-8"?>
<!-- Generated by org.testng.reporters.JUnitXMLReporter -->
<testsuite ignored="0" hostname="OB-Sum" failures="0" tests="1" name="VAT3.FullREC_F2_Standard(failed)(failed)" time="50.714" errors="0" timestamp="2021-11-25T19:57:41 IST">
  <testcase classname="VAT3.FullREC_F2_Standard.Suppler_EditVATType_Standard1_1" name="GoToUrlAssertUrlPositiveEnterUserNamePositiveEnterPasswordClickLoginButtonGoToUrlAssertUrlCl2" time="44.39"/>
</testsuite> <!-- VAT3.FullREC_F2_Standard(failed)(failed) -->
