<?xml version="1.0" encoding="UTF-8"?>
<!-- Generated by org.testng.reporters.JUnitXMLReporter -->
<testsuite ignored="0" hostname="OB-Sum" failures="0" tests="1" name="ScriptVATReturn2stVATReturnReport_SToNOVAT_DefaultProfile" time="68.47" errors="0" timestamp="2021-12-03T18:41:23 IST">
  <testcase classname="Supplier_SToNoVAT.ScriptVATReturn2stVATReturnReport_SToNOVAT_DefaultProfile" name="GoToUrlAssertUrlPositiveEnterUserNamePositiveEnterPasswordClickLoginButtonGoToUrlAssertUrlCl" time="66.428"/>
</testsuite> <!-- ScriptVATReturn2stVATReturnReport_SToNOVAT_DefaultProfile -->
