<?xml version="1.0" encoding="UTF-8"?>
<!-- Generated by org.testng.reporters.JUnitXMLReporter -->
<testsuite ignored="0" hostname="OB-Sum" failures="0" tests="1" name="UN_EditVATType_Standard_Flat2NOVAT" time="45.857" errors="0" timestamp="2021-12-01T01:14:44 IST">
  <testcase classname="VAT3_UnReconciled_FLAT2_NOVAT.UN_EditVATType_Standard_Flat2NOVAT" name="GoToUrlAssertUrlPositiveEnterUserNamePositiveEnterPasswordClickLoginButtonGoToUrlAssertUrlCl2" time="43.697"/>
</testsuite> <!-- UN_EditVATType_Standard_Flat2NOVAT -->
