<?xml version="1.0" encoding="UTF-8"?>
<!-- Generated by org.testng.reporters.JUnitXMLReporter -->
<testsuite ignored="0" hostname="OB-Sum" failures="0" tests="1" name="F2noVat_ScriptPostVATReturn2stVATReturnReport_2" time="65.405" errors="0" timestamp="2021-11-30T23:47:52 IST">
  <testcase classname="VAT2.F2NOVAT.F2noVat_ScriptPostVATReturn2stVATReturnReport_2" name="GoToUrlAssertUrlPositiveEnterUserNamePositiveEnterPasswordClickLoginButtonGoToUrlAssertUrlCl" time="63.195"/>
</testsuite> <!-- F2noVat_ScriptPostVATReturn2stVATReturnReport_2 -->
