<?xml version="1.0" encoding="UTF-8"?>
<!-- Generated by org.testng.reporters.JUnitXMLReporter -->
<testsuite ignored="0" hostname="OB-Sum" failures="0" tests="6" name="SaleInToReconcile_DefaultProfile" time="517.575" errors="0" timestamp="2021-12-03T21:34:17 IST">
  <testcase classname="test.AdvanceReconcilationFLATTOFLATP.SaleInToReconcile_DefaultProfile" name="GoToUrlAssertUrlPositiveEnternLOGINPositiveEnternPASSClickLoginGoToUrlAssertUrlClickAgentsP1" time="74.674"/>
  <testcase classname="test.AdvanceReconcilationFLATTOFLATP.SaleInToReconcile_DefaultProfile" name="GoToUrlAssertUrlPositiveEnternLOGINPositiveEnternPASSClickLoginGoToUrlAssertUrlClickAgentsP2" time="82.154"/>
  <testcase classname="test.AdvanceReconcilationFLATTOFLATP.SaleInToReconcile_DefaultProfile" name="GoToUrlAssertUrlPositiveEnternLOGINPositiveEnternPASSClickLoginGoToUrlAssertUrlClickAgentsP3" time="78.214"/>
  <testcase classname="test.AdvanceReconcilationFLATTOFLATP.SaleInToReconcile_DefaultProfile" name="GoToUrlAssertUrlPositiveEnternLOGINPositiveEnternPASSClickLoginGoToUrlAssertUrlClickAgentsP4" time="72.967"/>
  <testcase classname="test.AdvanceReconcilationFLATTOFLATP.SaleInToReconcile_DefaultProfile" name="GoToUrlAssertUrlPositiveEnternLOGINPositiveEnternPASSClickLoginGoToUrlAssertUrlClickAgentsP5" time="104.536"/>
  <testcase classname="test.AdvanceReconcilationFLATTOFLATP.SaleInToReconcile_DefaultProfile" name="GoToUrlAssertUrlPositiveEnternLOGINPositiveEnternPASSClickLoginGoToUrlAssertUrlClickAgentsP6" time="89.136"/>
</testsuite> <!-- SaleInToReconcile_DefaultProfile -->
