<?xml version="1.0" encoding="UTF-8"?>
<!-- Generated by org.testng.reporters.JUnitXMLReporter -->
<testsuite ignored="0" hostname="OB-Sum" failures="0" tests="1" name="ScriptVATReturn3stVATReturnReport_SToFRS_DefaultProfile" time="57.409" errors="0" timestamp="2021-12-10T11:40:31 IST">
  <testcase classname="ExpenceRemFlatToStand.ScriptVATReturn3stVATReturnReport_SToFRS_DefaultProfile" name="GoToUrlAssertUrlPositiveEnterUserNamePositiveEnterPasswordClickLoginButtonGoToUrlAssertUrlCl" time="55.356"/>
</testsuite> <!-- ScriptVATReturn3stVATReturnReport_SToFRS_DefaultProfile -->
