<?xml version="1.0" encoding="UTF-8"?>
<!-- Generated by org.testng.reporters.JUnitXMLReporter -->
<testsuite ignored="0" hostname="OB-Sum" failures="0" tests="1" name="ScriptVATReturn1stVATReturnReport_SToFlat_DefaultProfile" time="51.519" errors="0" timestamp="2021-12-03T21:45:22 IST">
  <testcase classname="test.AdvanceReconcilationFLATTOFLATP.ScriptVATReturn1stVATReturnReport_SToFlat_DefaultProfile" name="GoToUrlAssertUrlPositiveEnterUserNamePositiveEnterPasswordClickLoginButtonGoToUrlAssertUrlCl" time="49.34"/>
</testsuite> <!-- ScriptVATReturn1stVATReturnReport_SToFlat_DefaultProfile -->
