<?xml version="1.0" encoding="UTF-8"?>
<!-- Generated by org.testng.reporters.JUnitXMLReporter -->
<testsuite ignored="0" hostname="OB-Sum" failures="0" tests="1" name="Script5FlatToFlatPercentage_DefaultProfile" time="54.471" errors="0" timestamp="2021-12-03T17:01:35 IST">
  <testcase classname="Supplier_FRSToFRSP.Script5FlatToFlatPercentage_DefaultProfile" name="GoToUrlAssertUrlPositiveEnterUserNamePositiveEnterPasswordClickLoginButtonGoToUrlAssertUrlCl1" time="52.427"/>
</testsuite> <!-- Script5FlatToFlatPercentage_DefaultProfile -->
