<?xml version="1.0" encoding="UTF-8"?>
<!-- Generated by org.testng.reporters.JUnitXMLReporter -->
<testsuite ignored="0" hostname="OB-Sum" failures="0" tests="1" name="TC01_NewPreviewPage_DefaultProfile" time="60.018" errors="0" timestamp="2022-03-08T10:16:29 IST">
  <testcase classname="Test_Income.TC01NewPreviewPage_DefaultProfile" name="GoToUrlAssertUrlClickClickOnPreviewClickSaveButtonClickPDFDumpClickCancelButtonClickClickOnMa" time="54.613"/>
</testsuite> <!-- TC01_NewPreviewPage_DefaultProfile -->
