<?xml version="1.0" encoding="UTF-8"?>
<!-- Generated by org.testng.reporters.JUnitXMLReporter -->
<testsuite ignored="30" hostname="OB-Sum" failures="0" tests="22" name="SupplierAdvanceReconcileByBank_StandToNoVAT" time="1751.721" errors="0" timestamp="2022-02-05T03:47:21 IST">
  <testcase classname="AdvanceReconcileByBankForSupplierBillStandToNoVAT.ScriptEditVATFlatP_DefaultProfile" name="GoToUrlAssertUrlPositiveEnterUserNamePositiveEnterPasswordClickLoginButtonGoToUrlAssertUrlCl3" time="60.044"/>
  <testcase classname="AdvanceReconcileByBankForSupplierBillStandToNoVAT.SaleInToPartialReconcile_SupplierBill_DefaultProfile" name="GoToUrlAssertUrlPositiveEnternLOGINPositiveEnternPASSClickLoginGoToUrlAssertUrlClickAgentsP1" time="85.633"/>
  <testcase classname="AdvanceReconcileByBankForSupplierBillStandToNoVAT.SaleInToPartialReconcile_SupplierBill_DefaultProfile" name="GoToUrlAssertUrlPositiveEnternLOGINPositiveEnternPASSClickLoginGoToUrlAssertUrlClickAgentsP2" time="86.834"/>
  <testcase classname="AdvanceReconcileByBankForSupplierBillStandToNoVAT.SaleInToPartialReconcile_SupplierBill_DefaultProfile" name="GoToUrlAssertUrlPositiveEnternLOGINPositiveEnternPASSClickLoginGoToUrlAssertUrlClickAgentsP3" time="85.334"/>
  <testcase classname="AdvanceReconcileByBankForSupplierBillStandToNoVAT.SaleInToPartialReconcile_SupplierBill_DefaultProfile" name="GoToUrlAssertUrlPositiveEnternLOGINPositiveEnternPASSClickLoginGoToUrlAssertUrlClickAgentsP4" time="86.139"/>
  <testcase classname="AdvanceReconcileByBankForSupplierBillStandToNoVAT.SaleInToPartialReconcile_SupplierBill_DefaultProfile" name="GoToUrlAssertUrlPositiveEnternLOGINPositiveEnternPASSClickLoginGoToUrlAssertUrlClickAgentsP5" time="88.034"/>
  <testcase classname="AdvanceReconcileByBankForSupplierBillStandToNoVAT.SaleInToPartialReconcile_SupplierBill_DefaultProfile" name="GoToUrlAssertUrlPositiveEnternLOGINPositiveEnternPASSClickLoginGoToUrlAssertUrlClickAgentsP6" time="88.708"/>
  <testcase classname="AdvanceReconcileByBankForSupplierBillStandToNoVAT.SaleInToPartialReconcile_DebitNote_DefaultProfile" name="GoToUrlAssertUrlPositiveEnternLOGINPositiveEnternPASSClickLoginGoToUrlAssertUrlClickAgentsP1" time="85.011"/>
  <testcase classname="AdvanceReconcileByBankForSupplierBillStandToNoVAT.SaleInToPartialReconcile_DebitNote_DefaultProfile" name="GoToUrlAssertUrlPositiveEnternLOGINPositiveEnternPASSClickLoginGoToUrlAssertUrlClickAgentsP2" time="89.891"/>
  <testcase classname="AdvanceReconcileByBankForSupplierBillStandToNoVAT.SaleInToPartialReconcile_DebitNote_DefaultProfile" name="GoToUrlAssertUrlPositiveEnternLOGINPositiveEnternPASSClickLoginGoToUrlAssertUrlClickAgentsP3" time="86.689"/>
  <testcase classname="AdvanceReconcileByBankForSupplierBillStandToNoVAT.SaleInToPartialReconcile_DebitNote_DefaultProfile" name="GoToUrlAssertUrlPositiveEnternLOGINPositiveEnternPASSClickLoginGoToUrlAssertUrlClickAgentsP4" time="89.71"/>
  <testcase classname="AdvanceReconcileByBankForSupplierBillStandToNoVAT.SaleInToPartialReconcile_DebitNote_DefaultProfile" name="GoToUrlAssertUrlPositiveEnternLOGINPositiveEnternPASSClickLoginGoToUrlAssertUrlClickAgentsP5" time="86.053"/>
  <testcase classname="AdvanceReconcileByBankForSupplierBillStandToNoVAT.SaleInToPartialReconcile_DebitNote_DefaultProfile" name="GoToUrlAssertUrlPositiveEnternLOGINPositiveEnternPASSClickLoginGoToUrlAssertUrlClickAgentsP6" time="89.435"/>
  <testcase classname="AdvanceReconcileByBankForSupplierBillStandToNoVAT.SaleInToPartialReconcile_VATOnlyBill_DefaultProfile" name="GoToUrlAssertUrlPositiveEnternLOGINPositiveEnternPASSClickLoginGoToUrlAssertUrlClickAgentsP1" time="85.232"/>
  <testcase classname="AdvanceReconcileByBankForSupplierBillStandToNoVAT.SaleInToPartialReconcile_VATOnlyBill_DefaultProfile" name="GoToUrlAssertUrlPositiveEnternLOGINPositiveEnternPASSClickLoginGoToUrlAssertUrlClickAgentsP2" time="85.31"/>
  <testcase classname="AdvanceReconcileByBankForSupplierBillStandToNoVAT.ScriptVATReturn1stVATReturnReport_SToFRS_DefaultProfile" name="GoToUrlAssertUrlPositiveEnterUserNamePositiveEnterPasswordClickLoginButtonGoToUrlAssertUrlCl" time="55.237"/>
  <testcase classname="AdvanceReconcileByBankForSupplierBillStandToNoVAT.ScriptVATReturn2stVATReturnReport_SToFRS_DefaultProfile" name="GoToUrlAssertUrlPositiveEnterUserNamePositiveEnterPasswordClickLoginButtonGoToUrlAssertUrlCl" time="71.485"/>
  <testcase classname="AdvanceReconcileByBankForSupplierBillStandToNoVAT.ScriptVATReturn3stVATReturnReport_SToFRS_DefaultProfile" name="GoToUrlAssertUrlPositiveEnterUserNamePositiveEnterPasswordClickLoginButtonGoToUrlAssertUrlCl" time="51.227"/>
  <testcase classname="AdvanceReconcileByBankForSupplierBillStandToNoVAT.ScriptFlatToFlatP_DefaultProfile" name="GoToUrlAssertUrlPositiveEnterUserNamePositiveEnterPasswordClickLoginButtonGoToUrlAssertUrlCl1" time="59.134"/>
  <testcase classname="AdvanceReconcileByBankForSupplierBillStandToNoVAT.ScriptPostVATReturn1stVATReturnReport_DefaultProfile" name="GoToUrlAssertUrlPositiveEnterUserNamePositiveEnterPasswordClickLoginButtonGoToUrlAssertUrlCl" time="58.496"/>
  <testcase classname="AdvanceReconcileByBankForSupplierBillStandToNoVAT.ScriptPostVATReturn2stVATReturnReport_DefaultProfile" name="GoToUrlAssertUrlPositiveEnterUserNamePositiveEnterPasswordClickLoginButtonGoToUrlAssertUrlCl" time="77.356"/>
  <testcase classname="AdvanceReconcileByBankForSupplierBillStandToNoVAT.ScriptPostVATReturn3stVATReturnReport_DefaultProfile" name="GoToUrlAssertUrlPositiveEnterUserNamePositiveEnterPasswordClickLoginButtonGoToUrlAssertUrlCl" time="51.341"/>
  <testcase classname="tests.TestBase" name="@AfterSuite closeReporter" time="0.0">
    <ignored/>
  </testcase> <!-- @AfterSuite closeReporter -->
  <testcase classname="tests.TestBase" name="@AfterSuite closeReporter" time="0.0">
    <ignored/>
  </testcase> <!-- @AfterSuite closeReporter -->
  <testcase classname="tests.TestBase" name="@AfterSuite closeReporter" time="0.0">
    <ignored/>
  </testcase> <!-- @AfterSuite closeReporter -->
  <testcase classname="tests.TestBase" name="@AfterSuite closeReporter" time="0.0">
    <ignored/>
  </testcase> <!-- @AfterSuite closeReporter -->
  <testcase classname="tests.TestBase" name="@AfterSuite closeReporter" time="0.0">
    <ignored/>
  </testcase> <!-- @AfterSuite closeReporter -->
  <testcase classname="tests.TestBase" name="@AfterSuite closeReporter" time="0.0">
    <ignored/>
  </testcase> <!-- @AfterSuite closeReporter -->
  <testcase classname="tests.TestBase" name="@AfterSuite closeReporter" time="0.0">
    <ignored/>
  </testcase> <!-- @AfterSuite closeReporter -->
  <testcase classname="tests.TestBase" name="@AfterSuite closeReporter" time="0.0">
    <ignored/>
  </testcase> <!-- @AfterSuite closeReporter -->
  <testcase classname="tests.TestBase" name="@AfterSuite closeReporter" time="0.0">
    <ignored/>
  </testcase> <!-- @AfterSuite closeReporter -->
  <testcase classname="tests.TestBase" name="@AfterSuite closeReporter" time="0.0">
    <ignored/>
  </testcase> <!-- @AfterSuite closeReporter -->
  <testcase classname="tests.TestBase" name="@BeforeSuite setupReporter" time="0.0">
    <ignored/>
  </testcase> <!-- @BeforeSuite setupReporter -->
  <testcase classname="tests.TestBase" name="@BeforeSuite setupReporter" time="0.0">
    <ignored/>
  </testcase> <!-- @BeforeSuite setupReporter -->
  <testcase classname="tests.TestBase" name="@BeforeSuite setupReporter" time="0.0">
    <ignored/>
  </testcase> <!-- @BeforeSuite setupReporter -->
  <testcase classname="tests.TestBase" name="@BeforeSuite setupReporter" time="0.0">
    <ignored/>
  </testcase> <!-- @BeforeSuite setupReporter -->
  <testcase classname="tests.TestBase" name="@BeforeSuite setupReporter" time="0.0">
    <ignored/>
  </testcase> <!-- @BeforeSuite setupReporter -->
  <testcase classname="tests.TestBase" name="@BeforeSuite setupReporter" time="0.0">
    <ignored/>
  </testcase> <!-- @BeforeSuite setupReporter -->
  <testcase classname="tests.TestBase" name="@BeforeSuite setupReporter" time="0.0">
    <ignored/>
  </testcase> <!-- @BeforeSuite setupReporter -->
  <testcase classname="tests.TestBase" name="@BeforeSuite setupReporter" time="0.0">
    <ignored/>
  </testcase> <!-- @BeforeSuite setupReporter -->
  <testcase classname="tests.TestBase" name="@BeforeSuite setupReporter" time="0.0">
    <ignored/>
  </testcase> <!-- @BeforeSuite setupReporter -->
  <testcase classname="tests.TestBase" name="@BeforeSuite setupReporter" time="0.0">
    <ignored/>
  </testcase> <!-- @BeforeSuite setupReporter -->
  <testcase classname="tests.TestBase" name="@BeforeSuite allocateData" time="0.0">
    <ignored/>
  </testcase> <!-- @BeforeSuite allocateData -->
  <testcase classname="tests.TestBase" name="@BeforeSuite allocateData" time="0.0">
    <ignored/>
  </testcase> <!-- @BeforeSuite allocateData -->
  <testcase classname="tests.TestBase" name="@BeforeSuite allocateData" time="0.0">
    <ignored/>
  </testcase> <!-- @BeforeSuite allocateData -->
  <testcase classname="tests.TestBase" name="@BeforeSuite allocateData" time="0.0">
    <ignored/>
  </testcase> <!-- @BeforeSuite allocateData -->
  <testcase classname="tests.TestBase" name="@BeforeSuite allocateData" time="0.0">
    <ignored/>
  </testcase> <!-- @BeforeSuite allocateData -->
  <testcase classname="tests.TestBase" name="@BeforeSuite allocateData" time="0.0">
    <ignored/>
  </testcase> <!-- @BeforeSuite allocateData -->
  <testcase classname="tests.TestBase" name="@BeforeSuite allocateData" time="0.0">
    <ignored/>
  </testcase> <!-- @BeforeSuite allocateData -->
  <testcase classname="tests.TestBase" name="@BeforeSuite allocateData" time="0.0">
    <ignored/>
  </testcase> <!-- @BeforeSuite allocateData -->
  <testcase classname="tests.TestBase" name="@BeforeSuite allocateData" time="0.0">
    <ignored/>
  </testcase> <!-- @BeforeSuite allocateData -->
  <testcase classname="tests.TestBase" name="@BeforeSuite allocateData" time="0.0">
    <ignored/>
  </testcase> <!-- @BeforeSuite allocateData -->
</testsuite> <!-- SupplierAdvanceReconcileByBank_StandToNoVAT -->
