<?xml version="1.0" encoding="UTF-8"?>
<!-- Generated by org.testng.reporters.JUnitXMLReporter -->
<testsuite ignored="0" hostname="OB-Sum" failures="1" tests="18" name="Test_Add_LLP" time="524.856" errors="0" timestamp="2022-02-18T22:35:12 IST">
  <testcase classname="Test_Add_LLP.Test_LLP_ADD_ALLTC" name="Add_Limited_Liability_Screen_TC02" time="26.337"/>
  <testcase classname="Test_Add_LLP.Test_LLP_ADD_ALLTC" name="BusinessShouldBeSavedAndDisplayUnderTheBusineessList_Create_Payroll_Profile_TC014" time="35.245"/>
  <testcase classname="Test_Add_LLP.Test_LLP_ADD_ALLTC" name="BusinessShouldBeSavedAndDisplayUnderTheBusineessList_TC03" time="35.113"/>
  <testcase classname="Test_Add_LLP.Test_LLP_ADD_ALLTC" name="Click_Client_ClickAddClient_Add_Limited_Liability_Screen_TC08" time="19.41"/>
  <testcase classname="Test_Add_LLP.Test_LLP_ADD_ALLTC" name="Click_Client_ClickAddClient_BusinessShouldBeSavedAndDisplayUnderTheBusineessList_TC09" time="20.804">
    <failure type="org.openqa.selenium.NoSuchElementException" message="no such element: Unable to locate element: {&amp;quot;method&amp;quot;:&amp;quot;xpath&amp;quot;,&amp;quot;selector&amp;quot;:&amp;quot;//*[@id=&amp;apos;ctl00_ctl00_ParentContent_cpHeaderRight_btnAdd&amp;apos;]&amp;quot;}
  (Session info: chrome=98.0.4758.82)
For documentation on this error, please visit: https://www.seleniumhq.org/exceptions/no_such_element.html
Build info: version: &amp;apos;3.141.59&amp;apos;, revision: &amp;apos;e82be7d358&amp;apos;, time: &amp;apos;2018-11-14T08:25:48&amp;apos;
System info: host: &amp;apos;OB-SUM&amp;apos;, ip: &amp;apos;192.168.1.14&amp;apos;, os.name: &amp;apos;Windows 10&amp;apos;, os.arch: &amp;apos;amd64&amp;apos;, os.version: &amp;apos;10.0&amp;apos;, java.version: &amp;apos;15.0.1&amp;apos;
Driver info: org.openqa.selenium.chrome.ChromeDriver
Capabilities {acceptInsecureCerts: false, browserName: chrome, browserVersion: 98.0.4758.82, chrome: {chromedriverVersion: 98.0.4758.80 (7f0488e8ba0d8..., userDataDir: C:\Users\Poonam\AppData\Loc...}, goog:chromeOptions: {debuggerAddress: localhost:52195}, javascriptEnabled: true, networkConnectionEnabled: false, pageLoadStrategy: normal, platform: WINDOWS, platformName: WINDOWS, proxy: Proxy(), setWindowRect: true, strictFileInteractability: false, timeouts: {implicit: 0, pageLoad: 300000, script: 30000}, unhandledPromptBehavior: dismiss and notify, webauthn:extension:credBlob: true, webauthn:extension:largeBlob: true, webauthn:virtualAuthenticators: true}
Session ID: 237af2a14f617bed29fc7d418cfd1173
*** Element info: {Using=xpath, value=//*[@id=&amp;apos;ctl00_ctl00_ParentContent_cpHeaderRight_btnAdd&amp;apos;]}">
      <![CDATA[org.openqa.selenium.NoSuchElementException: no such element: Unable to locate element: {"method":"xpath","selector":"//*[@id='ctl00_ctl00_ParentContent_cpHeaderRight_btnAdd']"}
  (Session info: chrome=98.0.4758.82)
For documentation on this error, please visit: https://www.seleniumhq.org/exceptions/no_such_element.html
Build info: version: '3.141.59', revision: 'e82be7d358', time: '2018-11-14T08:25:48'
System info: host: 'OB-SUM', ip: '192.168.1.14', os.name: 'Windows 10', os.arch: 'amd64', os.version: '10.0', java.version: '15.0.1'
Driver info: org.openqa.selenium.chrome.ChromeDriver
Capabilities {acceptInsecureCerts: false, browserName: chrome, browserVersion: 98.0.4758.82, chrome: {chromedriverVersion: 98.0.4758.80 (7f0488e8ba0d8..., userDataDir: C:\Users\Poonam\AppData\Loc...}, goog:chromeOptions: {debuggerAddress: localhost:52195}, javascriptEnabled: true, networkConnectionEnabled: false, pageLoadStrategy: normal, platform: WINDOWS, platformName: WINDOWS, proxy: Proxy(), setWindowRect: true, strictFileInteractability: false, timeouts: {implicit: 0, pageLoad: 300000, script: 30000}, unhandledPromptBehavior: dismiss and notify, webauthn:extension:credBlob: true, webauthn:extension:largeBlob: true, webauthn:virtualAuthenticators: true}
Session ID: 237af2a14f617bed29fc7d418cfd1173
*** Element info: {Using=xpath, value=//*[@id='ctl00_ctl00_ParentContent_cpHeaderRight_btnAdd']}
at jdk.internal.reflect.GeneratedConstructorAccessor68.newInstance(Unknown Source)
at java.base/jdk.internal.reflect.DelegatingConstructorAccessorImpl.newInstance(DelegatingConstructorAccessorImpl.java:45)
at java.base/java.lang.reflect.Constructor.newInstanceWithCaller(Constructor.java:500)
at java.base/java.lang.reflect.Constructor.newInstance(Constructor.java:481)
at org.openqa.selenium.remote.http.W3CHttpResponseCodec.createException(W3CHttpResponseCodec.java:187)
at org.openqa.selenium.remote.http.W3CHttpResponseCodec.decode(W3CHttpResponseCodec.java:122)
at org.openqa.selenium.remote.http.W3CHttpResponseCodec.decode(W3CHttpResponseCodec.java:49)
at org.openqa.selenium.remote.HttpCommandExecutor.execute(HttpCommandExecutor.java:158)
at org.openqa.selenium.remote.service.DriverCommandExecutor.execute(DriverCommandExecutor.java:83)
at org.openqa.selenium.remote.RemoteWebDriver.execute(RemoteWebDriver.java:552)
at org.openqa.selenium.remote.RemoteWebDriver.findElement(RemoteWebDriver.java:323)
at org.openqa.selenium.remote.RemoteWebDriver.findElementByXPath(RemoteWebDriver.java:428)
at org.openqa.selenium.By$ByXPath.findElement(By.java:353)
at org.openqa.selenium.remote.RemoteWebDriver.findElement(RemoteWebDriver.java:315)
at Pages_LLP.LLPManual.AddClient(LLPManual.java:456)
at Test_Add_LLP.Test_LLP_ADD_ALLTC.Click_Client_ClickAddClient_BusinessShouldBeSavedAndDisplayUnderTheBusineessList_TC09(Test_LLP_ADD_ALLTC.java:822)
at java.base/jdk.internal.reflect.NativeMethodAccessorImpl.invoke0(Native Method)
at java.base/jdk.internal.reflect.NativeMethodAccessorImpl.invoke(NativeMethodAccessorImpl.java:64)
at java.base/jdk.internal.reflect.DelegatingMethodAccessorImpl.invoke(DelegatingMethodAccessorImpl.java:43)
at java.base/java.lang.reflect.Method.invoke(Method.java:564)
at org.testng.internal.MethodInvocationHelper.invokeMethod(MethodInvocationHelper.java:133)
at org.testng.internal.TestInvoker.invokeMethod(TestInvoker.java:598)
at org.testng.internal.TestInvoker.invokeTestMethod(TestInvoker.java:173)
at org.testng.internal.MethodRunner.runInSequence(MethodRunner.java:46)
at org.testng.internal.TestInvoker$MethodInvocationAgent.invoke(TestInvoker.java:824)
at org.testng.internal.TestInvoker.invokeTestMethods(TestInvoker.java:146)
at org.testng.internal.TestMethodWorker.invokeTestMethods(TestMethodWorker.java:146)
at org.testng.internal.TestMethodWorker.run(TestMethodWorker.java:128)
at java.base/java.util.ArrayList.forEach(ArrayList.java:1511)
at org.testng.TestRunner.privateRun(TestRunner.java:794)
at org.testng.TestRunner.run(TestRunner.java:596)
at org.testng.SuiteRunner.runTest(SuiteRunner.java:377)
at org.testng.SuiteRunner.runSequentially(SuiteRunner.java:371)
at org.testng.SuiteRunner.privateRun(SuiteRunner.java:332)
at org.testng.SuiteRunner.run(SuiteRunner.java:276)
at org.testng.SuiteRunnerWorker.runSuite(SuiteRunnerWorker.java:53)
at org.testng.SuiteRunnerWorker.run(SuiteRunnerWorker.java:96)
at org.testng.TestNG.runSuitesSequentially(TestNG.java:1212)
at org.testng.TestNG.runSuitesLocally(TestNG.java:1134)
at org.testng.TestNG.runSuites(TestNG.java:1063)
at org.testng.TestNG.run(TestNG.java:1031)
at org.testng.remote.AbstractRemoteTestNG.run(AbstractRemoteTestNG.java:115)
at org.testng.remote.RemoteTestNG.initAndRun(RemoteTestNG.java:251)
at org.testng.remote.RemoteTestNG.main(RemoteTestNG.java:77)
]]>
    </failure>
  </testcase> <!-- Click_Client_ClickAddClient_BusinessShouldBeSavedAndDisplayUnderTheBusineessList_TC09 -->
  <testcase classname="Test_Add_LLP.Test_LLP_ADD_ALLTC" name="Click_Client_ClickAddClient_Click_BackBtn__TC013" time="20.359"/>
  <testcase classname="Test_Add_LLP.Test_LLP_ADD_ALLTC" name="Click_Client_ClickAddClient_HomeSearchlistWillDisplayAsPerTheSearchCriteriaOnASamePageAndAddCompanyPopupWillBeShownRegardingTheBusinessInformation_TC012" time="24.258"/>
  <testcase classname="Test_Add_LLP.Test_LLP_ADD_ALLTC" name="Click_Client_ClickAddClient_HomeSearchlistWillDisplayAsPerTheSearchCriteriaOnASamePage_TC010" time="20.907"/>
  <testcase classname="Test_Add_LLP.Test_LLP_ADD_ALLTC" name="Click_Client_ClickAddClient_Limited_liability_partnership_Company_ShouldbeVisibleOnScreen_TC07" time="18.698"/>
  <testcase classname="Test_Add_LLP.Test_LLP_ADD_ALLTC" name="Click_Client_ClickAddClient_Upload_Csv_TC011" time="26.709"/>
  <testcase classname="Test_Add_LLP.Test_LLP_ADD_ALLTC" name="Direction_Name_is_Not_Provided_TC017" time="30.438"/>
  <testcase classname="Test_Add_LLP.Test_LLP_ADD_ALLTC" name="Entering_wrong_date_formatTC015" time="30.386"/>
  <testcase classname="Test_Add_LLP.Test_LLP_ADD_ALLTC" name="HomeSearchlistWillDisplayAsPerTheSearchCriteriaOnASamePageAndAddCompanyPopupWillBeShownRegardingTheBusinessInformation_TC06" time="30.606"/>
  <testcase classname="Test_Add_LLP.Test_LLP_ADD_ALLTC" name="HomeSearchlistWillDisplayAsPerTheSearchCriteriaOnASamePage_TC04" time="27.851"/>
  <testcase classname="Test_Add_LLP.Test_LLP_ADD_ALLTC" name="LLP_Upload_Csv_TC05" time="34.174"/>
  <testcase classname="Test_Add_LLP.Test_LLP_ADD_ALLTC" name="Limited_liability_partnership_Company_ShouldbeVisibleOnScreen_TC01" time="25.588"/>
  <testcase classname="Test_Add_LLP.Test_LLP_ADD_ALLTC" name="Payrol_check_box_ticked_TC017" time="34.383"/>
  <testcase classname="Test_Add_LLP.Test_LLP_ADD_ALLTC" name="Registration_Number_Exceed_than_8_charTC016" time="29.942"/>
</testsuite> <!-- Test_Add_LLP -->
