<?xml version="1.0" encoding="UTF-8"?>
<!-- Generated by org.testng.reporters.JUnitXMLReporter -->
<testsuite ignored="24" hostname="OB-Sum" failures="0" tests="14" name="VAT3_ExpensesReinbr_2" time="705.841" errors="0" timestamp="2021-11-25T05:33:15 IST">
  <testcase classname="VAT3_ExpensesReinbr.ScriptEditSettingToVATType_DefaultProfile_2" name="GoToUrlAssertUrlPositiveEnterUserNamePositiveEnterPasswordClickLoginButtonGoToUrlAssertUrlCl2" time="54.513"/>
  <testcase classname="VAT3_ExpensesReinbr.ExpenseRemOnly_DefaultProfile_2" name="GoToUrlAssertUrlPositiveEnternLOGINPositiveEnternPASSClickLoginGoToUrlAssertUrlClickAgentsP1" time="37.143"/>
  <testcase classname="VAT3_ExpensesReinbr.ExpenseRemOnly_DefaultProfile_2" name="GoToUrlAssertUrlPositiveEnternLOGINPositiveEnternPASSClickLoginGoToUrlAssertUrlClickAgentsP2" time="40.676"/>
  <testcase classname="VAT3_ExpensesReinbr.ExpenseRemOnly_DefaultProfile_2" name="GoToUrlAssertUrlPositiveEnternLOGINPositiveEnternPASSClickLoginGoToUrlAssertUrlClickAgentsP3" time="35.892"/>
  <testcase classname="VAT3_ExpensesReinbr.ExpenseRemOnly_DefaultProfile_2" name="GoToUrlAssertUrlPositiveEnternLOGINPositiveEnternPASSClickLoginGoToUrlAssertUrlClickAgentsP4" time="35.56"/>
  <testcase classname="VAT3_ExpensesReinbr.ExpenseRemOnly_DefaultProfile_2" name="GoToUrlAssertUrlPositiveEnternLOGINPositiveEnternPASSClickLoginGoToUrlAssertUrlClickAgentsP5" time="37.113"/>
  <testcase classname="VAT3_ExpensesReinbr.ExpenseRemOnly_DefaultProfile_2" name="GoToUrlAssertUrlPositiveEnternLOGINPositiveEnternPASSClickLoginGoToUrlAssertUrlClickAgentsP6" time="37.146"/>
  <testcase classname="VAT3_ExpensesReinbr.ScriptVATReturn1stVATReturnReport_SToFRS_DefaultProfile_2" name="GoToUrlAssertUrlPositiveEnterUserNamePositiveEnterPasswordClickLoginButtonGoToUrlAssertUrlCl" time="51.843"/>
  <testcase classname="VAT3_ExpensesReinbr.ScriptVATReturn2stVATReturnReport_SToFRS_DefaultProfile_2" name="GoToUrlAssertUrlPositiveEnterUserNamePositiveEnterPasswordClickLoginButtonGoToUrlAssertUrlCl" time="71.946"/>
  <testcase classname="VAT3_ExpensesReinbr.ScriptVATReturn3stVATReturnReport_SToFRS_DefaultProfile_2" name="GoToUrlAssertUrlPositiveEnterUserNamePositiveEnterPasswordClickLoginButtonGoToUrlAssertUrlCl" time="45.844"/>
  <testcase classname="VAT3_ExpensesReinbr.ScriptStandardToFlat_DefaultProfile_2" name="GoToUrlAssertUrlPositiveEnterUserNamePositiveEnterPasswordClickLoginButtonGoToUrlAssertUrlCl1" time="47.318"/>
  <testcase classname="VAT3_ExpensesReinbr.ScriptPostVATReturn1stVATReturnReport_DefaultProfile_2" name="GoToUrlAssertUrlPositiveEnterUserNamePositiveEnterPasswordClickLoginButtonGoToUrlAssertUrlCl" time="47.366"/>
  <testcase classname="VAT3_ExpensesReinbr.ScriptPostVATReturn2stVATReturnReport_DefaultProfile_2" name="GoToUrlAssertUrlPositiveEnterUserNamePositiveEnterPasswordClickLoginButtonGoToUrlAssertUrlCl" time="80.726"/>
  <testcase classname="VAT3_ExpensesReinbr.ScriptPostVATReturn3stVATReturnReport_DefaultProfile_2" name="GoToUrlAssertUrlPositiveEnterUserNamePositiveEnterPasswordClickLoginButtonGoToUrlAssertUrlCl" time="46.089"/>
  <testcase classname="tests.TestBase" name="@AfterSuite closeReporter" time="0.0">
    <ignored/>
  </testcase> <!-- @AfterSuite closeReporter -->
  <testcase classname="tests.TestBase" name="@AfterSuite closeReporter" time="0.0">
    <ignored/>
  </testcase> <!-- @AfterSuite closeReporter -->
  <testcase classname="tests.TestBase" name="@AfterSuite closeReporter" time="0.0">
    <ignored/>
  </testcase> <!-- @AfterSuite closeReporter -->
  <testcase classname="tests.TestBase" name="@AfterSuite closeReporter" time="0.0">
    <ignored/>
  </testcase> <!-- @AfterSuite closeReporter -->
  <testcase classname="tests.TestBase" name="@AfterSuite closeReporter" time="0.0">
    <ignored/>
  </testcase> <!-- @AfterSuite closeReporter -->
  <testcase classname="tests.TestBase" name="@AfterSuite closeReporter" time="0.0">
    <ignored/>
  </testcase> <!-- @AfterSuite closeReporter -->
  <testcase classname="tests.TestBase" name="@AfterSuite closeReporter" time="0.0">
    <ignored/>
  </testcase> <!-- @AfterSuite closeReporter -->
  <testcase classname="tests.TestBase" name="@AfterSuite closeReporter" time="0.0">
    <ignored/>
  </testcase> <!-- @AfterSuite closeReporter -->
  <testcase classname="tests.TestBase" name="@BeforeSuite allocateData" time="0.0">
    <ignored/>
  </testcase> <!-- @BeforeSuite allocateData -->
  <testcase classname="tests.TestBase" name="@BeforeSuite allocateData" time="0.0">
    <ignored/>
  </testcase> <!-- @BeforeSuite allocateData -->
  <testcase classname="tests.TestBase" name="@BeforeSuite allocateData" time="0.0">
    <ignored/>
  </testcase> <!-- @BeforeSuite allocateData -->
  <testcase classname="tests.TestBase" name="@BeforeSuite allocateData" time="0.0">
    <ignored/>
  </testcase> <!-- @BeforeSuite allocateData -->
  <testcase classname="tests.TestBase" name="@BeforeSuite allocateData" time="0.0">
    <ignored/>
  </testcase> <!-- @BeforeSuite allocateData -->
  <testcase classname="tests.TestBase" name="@BeforeSuite allocateData" time="0.0">
    <ignored/>
  </testcase> <!-- @BeforeSuite allocateData -->
  <testcase classname="tests.TestBase" name="@BeforeSuite allocateData" time="0.0">
    <ignored/>
  </testcase> <!-- @BeforeSuite allocateData -->
  <testcase classname="tests.TestBase" name="@BeforeSuite allocateData" time="0.0">
    <ignored/>
  </testcase> <!-- @BeforeSuite allocateData -->
  <testcase classname="tests.TestBase" name="@BeforeSuite setupReporter" time="0.0">
    <ignored/>
  </testcase> <!-- @BeforeSuite setupReporter -->
  <testcase classname="tests.TestBase" name="@BeforeSuite setupReporter" time="0.0">
    <ignored/>
  </testcase> <!-- @BeforeSuite setupReporter -->
  <testcase classname="tests.TestBase" name="@BeforeSuite setupReporter" time="0.0">
    <ignored/>
  </testcase> <!-- @BeforeSuite setupReporter -->
  <testcase classname="tests.TestBase" name="@BeforeSuite setupReporter" time="0.0">
    <ignored/>
  </testcase> <!-- @BeforeSuite setupReporter -->
  <testcase classname="tests.TestBase" name="@BeforeSuite setupReporter" time="0.0">
    <ignored/>
  </testcase> <!-- @BeforeSuite setupReporter -->
  <testcase classname="tests.TestBase" name="@BeforeSuite setupReporter" time="0.0">
    <ignored/>
  </testcase> <!-- @BeforeSuite setupReporter -->
  <testcase classname="tests.TestBase" name="@BeforeSuite setupReporter" time="0.0">
    <ignored/>
  </testcase> <!-- @BeforeSuite setupReporter -->
  <testcase classname="tests.TestBase" name="@BeforeSuite setupReporter" time="0.0">
    <ignored/>
  </testcase> <!-- @BeforeSuite setupReporter -->
</testsuite> <!-- VAT3_ExpensesReinbr_2 -->
