<?xml version="1.0" encoding="UTF-8"?>
<!-- Generated by org.testng.reporters.JUnitReportReporter -->
<testsuite hostname="OB-Sum" failures="0" tests="1" name="SaleDashboardTest.TC08SalesDsbDateRange" time="32.443" errors="1" timestamp="2021-09-14T13:06:53 IST" skipped="0">
  <testcase classname="SaleDashboardTest.TC08SalesDsbDateRange" name="GoToUrlAssertUrlClickClickOnPreviewClickSaveButtonClickPDFDumpClickCancelButtonClickClickOnMa" time="32.443">
    <error message="unknown error: Element &lt;a id=&quot;ctl00_ctl00_ParentContent_cPHFilter_btnSearch&quot; class=&quot;green_btn manually_add_btn&quot; href=&quot;javascript:__doPostBack(&#039;ctl00$ctl00$ParentContent$cPHFilter$btnSearch&#039;,&#039;&#039;)&quot;&gt;...&lt;/a&gt; is not clickable at point (510, 350). Other element would receive the click: &lt;div id=&quot;4effc715-ef32-4025-08fb-5792577c5153&quot; class=&quot;wm-visual-design-shape&quot; style=&quot;position:absolute !important;box-sizing:border-box !important;width:100% !important;height:100% !important;hidden:true !important;z-index:-1 !important;top:calc(50% + 0px - (100% / 2)) !important;left:calc(50% + 0px - (100% / 2)) !important;background-color:rgba(0,0,0,0) !important;border-radius:0px 0px 0px 0px !important;border-style:none !important;border-width:0 !important;padding-left:0 !important;padding-top:0 !important;padding-right:0 !important;padding-bottom:0 !important;outline:none !important;display:block !important;margin-top:0 !important;margin-left:0 !important;margin-bottom:0 !important;margin-right:0 !important;vertical-align:baseline !important;border-collapse:inherit !important;background-image:none !important;line-height:normal !important;text-indent:inherit !important;letter-spacing:normal !important;text-transform:none !important;box-shadow:none !important;text-shadow:none !important;transition:none !important;color:#EB15E2 !important;direction:inherit !important;&quot;&gt;&lt;/div&gt;
  (Session info: chrome=93.0.4577.63)
  (Driver info: chromedriver=2.40.565498 (ea082db3280dd6843ebfb08a625e3eb905c4f5ab),platform=Windows NT 10.0.19042 x86_64) (WARNING: The server did not provide any stacktrace information)
Command duration or timeout: 0 milliseconds
Build info: version: &#039;3.141.59&#039;, revision: &#039;e82be7d358&#039;, time: &#039;2018-11-14T08:25:48&#039;
System info: host: &#039;OB-SUM&#039;, ip: &#039;192.168.1.14&#039;, os.name: &#039;Windows 10&#039;, os.arch: &#039;amd64&#039;, os.version: &#039;10.0&#039;, java.version: &#039;15.0.1&#039;
Driver info: org.openqa.selenium.chrome.ChromeDriver
Capabilities {acceptInsecureCerts: false, acceptSslCerts: false, applicationCacheEnabled: false, browserConnectionEnabled: false, browserName: chrome, chrome: {chromedriverVersion: 2.40.565498 (ea082db3280dd6..., userDataDir: C:\Users\Poonam\AppData\Loc...}, cssSelectorsEnabled: true, databaseEnabled: false, handlesAlerts: true, hasTouchScreen: false, javascriptEnabled: true, locationContextEnabled: true, mobileEmulationEnabled: false, nativeEvents: true, networkConnectionEnabled: false, pageLoadStrategy: normal, platform: XP, platformName: XP, rotatable: false, setWindowRect: true, takesHeapSnapshot: true, takesScreenshot: true, unexpectedAlertBehaviour: , unhandledPromptBehavior: , version: 93.0.4577.63, webStorageEnabled: true}
Session ID: 33328cb4a9909e0f53177b7f58ec8326" type="org.openqa.selenium.WebDriverException">
      <![CDATA[org.openqa.selenium.WebDriverException: unknown error: Element <a id="ctl00_ctl00_ParentContent_cPHFilter_btnSearch" class="green_btn manually_add_btn" href="javascript:__doPostBack('ctl00$ctl00$ParentContent$cPHFilter$btnSearch','')">...</a> is not clickable at point (510, 350). Other element would receive the click: <div id="4effc715-ef32-4025-08fb-5792577c5153" class="wm-visual-design-shape" style="position:absolute !important;box-sizing:border-box !important;width:100% !important;height:100% !important;hidden:true !important;z-index:-1 !important;top:calc(50% + 0px - (100% / 2)) !important;left:calc(50% + 0px - (100% / 2)) !important;background-color:rgba(0,0,0,0) !important;border-radius:0px 0px 0px 0px !important;border-style:none !important;border-width:0 !important;padding-left:0 !important;padding-top:0 !important;padding-right:0 !important;padding-bottom:0 !important;outline:none !important;display:block !important;margin-top:0 !important;margin-left:0 !important;margin-bottom:0 !important;margin-right:0 !important;vertical-align:baseline !important;border-collapse:inherit !important;background-image:none !important;line-height:normal !important;text-indent:inherit !important;letter-spacing:normal !important;text-transform:none !important;box-shadow:none !important;text-shadow:none !important;transition:none !important;color:#EB15E2 !important;direction:inherit !important;"></div>
  (Session info: chrome=93.0.4577.63)
  (Driver info: chromedriver=2.40.565498 (ea082db3280dd6843ebfb08a625e3eb905c4f5ab),platform=Windows NT 10.0.19042 x86_64) (WARNING: The server did not provide any stacktrace information)
Command duration or timeout: 0 milliseconds
Build info: version: '3.141.59', revision: 'e82be7d358', time: '2018-11-14T08:25:48'
System info: host: 'OB-SUM', ip: '192.168.1.14', os.name: 'Windows 10', os.arch: 'amd64', os.version: '10.0', java.version: '15.0.1'
Driver info: org.openqa.selenium.chrome.ChromeDriver
Capabilities {acceptInsecureCerts: false, acceptSslCerts: false, applicationCacheEnabled: false, browserConnectionEnabled: false, browserName: chrome, chrome: {chromedriverVersion: 2.40.565498 (ea082db3280dd6..., userDataDir: C:\Users\Poonam\AppData\Loc...}, cssSelectorsEnabled: true, databaseEnabled: false, handlesAlerts: true, hasTouchScreen: false, javascriptEnabled: true, locationContextEnabled: true, mobileEmulationEnabled: false, nativeEvents: true, networkConnectionEnabled: false, pageLoadStrategy: normal, platform: XP, platformName: XP, rotatable: false, setWindowRect: true, takesHeapSnapshot: true, takesScreenshot: true, unexpectedAlertBehaviour: , unhandledPromptBehavior: , version: 93.0.4577.63, webStorageEnabled: true}
Session ID: 33328cb4a9909e0f53177b7f58ec8326
at java.base/jdk.internal.reflect.NativeConstructorAccessorImpl.newInstance0(Native Method)
at java.base/jdk.internal.reflect.NativeConstructorAccessorImpl.newInstance(NativeConstructorAccessorImpl.java:64)
at java.base/jdk.internal.reflect.DelegatingConstructorAccessorImpl.newInstance(DelegatingConstructorAccessorImpl.java:45)
at java.base/java.lang.reflect.Constructor.newInstanceWithCaller(Constructor.java:500)
at java.base/java.lang.reflect.Constructor.newInstance(Constructor.java:481)
at org.openqa.selenium.remote.ErrorHandler.createThrowable(ErrorHandler.java:214)
at org.openqa.selenium.remote.ErrorHandler.throwIfResponseFailed(ErrorHandler.java:166)
at org.openqa.selenium.remote.http.JsonHttpResponseCodec.reconstructValue(JsonHttpResponseCodec.java:40)
at org.openqa.selenium.remote.http.AbstractHttpResponseCodec.decode(AbstractHttpResponseCodec.java:80)
at org.openqa.selenium.remote.http.AbstractHttpResponseCodec.decode(AbstractHttpResponseCodec.java:44)
at org.openqa.selenium.remote.HttpCommandExecutor.execute(HttpCommandExecutor.java:158)
at org.openqa.selenium.remote.service.DriverCommandExecutor.execute(DriverCommandExecutor.java:83)
at org.openqa.selenium.remote.RemoteWebDriver.execute(RemoteWebDriver.java:552)
at org.openqa.selenium.remote.RemoteWebElement.execute(RemoteWebElement.java:285)
at org.openqa.selenium.remote.RemoteWebElement.click(RemoteWebElement.java:84)
at pages.PartialReconciledCases.Searchclient.Click_Searchbtn(Searchclient.java:131)
at SaleDashboardTest.TC08SalesDsbDateRange.GoToUrlAssertUrlClickClickOnPreviewClickSaveButtonClickPDFDumpClickCancelButtonClickClickOnMa(TC08SalesDsbDateRange.java:108)
at java.base/jdk.internal.reflect.NativeMethodAccessorImpl.invoke0(Native Method)
at java.base/jdk.internal.reflect.NativeMethodAccessorImpl.invoke(NativeMethodAccessorImpl.java:64)
at java.base/jdk.internal.reflect.DelegatingMethodAccessorImpl.invoke(DelegatingMethodAccessorImpl.java:43)
at java.base/java.lang.reflect.Method.invoke(Method.java:564)
at org.testng.internal.MethodInvocationHelper.invokeMethod(MethodInvocationHelper.java:133)
at org.testng.internal.TestInvoker.invokeMethod(TestInvoker.java:598)
at org.testng.internal.TestInvoker.invokeTestMethod(TestInvoker.java:173)
at org.testng.internal.MethodRunner.runInSequence(MethodRunner.java:46)
at org.testng.internal.TestInvoker$MethodInvocationAgent.invoke(TestInvoker.java:824)
at org.testng.internal.TestInvoker.invokeTestMethods(TestInvoker.java:146)
at org.testng.internal.TestMethodWorker.invokeTestMethods(TestMethodWorker.java:146)
at org.testng.internal.TestMethodWorker.run(TestMethodWorker.java:128)
at java.base/java.util.ArrayList.forEach(ArrayList.java:1511)
at org.testng.TestRunner.privateRun(TestRunner.java:794)
at org.testng.TestRunner.run(TestRunner.java:596)
at org.testng.SuiteRunner.runTest(SuiteRunner.java:377)
at org.testng.SuiteRunner.runSequentially(SuiteRunner.java:371)
at org.testng.SuiteRunner.privateRun(SuiteRunner.java:332)
at org.testng.SuiteRunner.run(SuiteRunner.java:276)
at org.testng.SuiteRunnerWorker.runSuite(SuiteRunnerWorker.java:53)
at org.testng.SuiteRunnerWorker.run(SuiteRunnerWorker.java:96)
at org.testng.TestNG.runSuitesSequentially(TestNG.java:1212)
at org.testng.TestNG.runSuitesLocally(TestNG.java:1134)
at org.testng.TestNG.runSuites(TestNG.java:1063)
at org.testng.TestNG.run(TestNG.java:1031)
at org.testng.remote.AbstractRemoteTestNG.run(AbstractRemoteTestNG.java:115)
at org.testng.remote.RemoteTestNG.initAndRun(RemoteTestNG.java:251)
at org.testng.remote.RemoteTestNG.main(RemoteTestNG.java:77)
]]>
    </error>
  </testcase> <!-- GoToUrlAssertUrlClickClickOnPreviewClickSaveButtonClickPDFDumpClickCancelButtonClickClickOnMa -->
  <system-out/>
</testsuite> <!-- SaleDashboardTest.TC08SalesDsbDateRange -->
