<?xml version="1.0" encoding="UTF-8"?>
<!-- Generated by org.testng.reporters.JUnitReportReporter -->
<testsuite hostname="OB-Sum" failures="0" tests="1" name="test.FlatToFlatPer.ScriptPostVATReturn3stVATReturnReport_FlatToFlatP_DefaultProfile" time="45.214" errors="0" timestamp="2021-12-19T01:41:01 IST" skipped="0">
  <testcase classname="test.FlatToFlatPer.ScriptPostVATReturn3stVATReturnReport_FlatToFlatP_DefaultProfile" name="GoToUrlAssertUrlPositiveEnterUserNamePositiveEnterPasswordClickLoginButtonGoToUrlAssertUrlCl" time="45.214"/>
  <system-out/>
</testsuite> <!-- test.FlatToFlatPer.ScriptPostVATReturn3stVATReturnReport_FlatToFlatP_DefaultProfile -->
