<?xml version="1.0" encoding="UTF-8"?>
<!-- Generated by org.testng.reporters.JUnitReportReporter -->
<testsuite hostname="OB-Sum" failures="0" tests="1" name="Test_Income.TestRepeatInvoice_TC02" time="41.421" errors="0" timestamp="2021-11-11T20:51:38 IST" skipped="0">
  <testcase classname="Test_Income.TestRepeatInvoice_TC02" name="GoToUrlClickView1ClickRepeatInvoice2ClickAddRepeatInvoice3PositiveSelectSelectCustomer4PosititClickThreeDot1ClickEdit_TC01" time="41.421"/>
  <system-out/>
</testsuite> <!-- Test_Income.TestRepeatInvoice_TC02 -->
