<?xml version="1.0" encoding="UTF-8"?>
<!-- Generated by org.testng.reporters.JUnitReportReporter -->
<testsuite hostname="OB-Sum" failures="0" tests="3" name="Test_Balance_RE_Jour_Bank_Supp_3.TC_01_3_2_BS_FixedAsset_10_To_14_With_Journal_Bank_Supplier" time="268.617" errors="0" timestamp="2022-02-19T09:42:02 IST" skipped="0">
  <testcase classname="Test_Balance_RE_Jour_Bank_Supp_3.TC_01_3_2_BS_FixedAsset_10_To_14_With_Journal_Bank_Supplier" name="GoToUrlAssertUrlPositiveEnternLOGINPositiveEnternPASSClickLoginGoToUrlAssertUrlClickAgentsP2" time="113.309"/>
  <system-out/>
  <testcase classname="Test_Balance_RE_Jour_Bank_Supp_3.TC_01_3_2_BS_FixedAsset_10_To_14_With_Journal_Bank_Supplier" name="GoToUrlAssertUrlPositiveEnternLOGINPositiveEnternPASSClickLoginGoToUrlAssertUrlClickAgentsP1" time="49.154"/>
  <system-out>
    <![CDATA[ledger 1 entered :10 - Intangible Assets Cost B/Fwd
ledger 2 entered :11 - Intangible Assets Additions
ledger 3 entered :12 - Intangible Assets Disposals
ledger 4 entered :13 - Intangible Assets Revaluations
ledger 5 entered :14 - Intangible Assets Transfers
Ledger code verified: Intangible Assets Cost B/Fwd
Amount enter verified: 1,000.00
Ledger code verified: Intangible Assets Additions
Amount enter verified: 1,000.00
Ledger code verified: Intangible Assets Disposals
Amount enter verified: 1,000.00
Ledger code verified: Intangible Assets Revaluations
Amount enter verified: 1,000.00
Ledger code verified: Intangible Assets Transfers
Amount enter verified: (4,000.00)
Enteries are Verified on Balance Sheet Report page :]]>
  </system-out>
  <testcase classname="Test_Balance_RE_Jour_Bank_Supp_3.TC_01_3_2_BS_FixedAsset_10_To_14_With_Journal_Bank_Supplier" name="GoToUrlAssertUrlPositiveEnternLOGINPositiveEnternPASSClickLoginGoToUrlAssertUrlClickAgentsP3" time="106.154"/>
  <system-out/>
</testsuite> <!-- Test_Balance_RE_Jour_Bank_Supp_3.TC_01_3_2_BS_FixedAsset_10_To_14_With_Journal_Bank_Supplier -->
