<?xml version="1.0" encoding="UTF-8"?>
<!-- Generated by org.testng.reporters.JUnitReportReporter -->
<testsuite hostname="OB-Sum" failures="0" tests="1" name="VAT3_UnReconciled_STOF.Un_addvatrate_Addvat" time="47.173" errors="0" timestamp="2021-12-01T04:35:03 IST" skipped="0">
  <testcase classname="VAT3_UnReconciled_STOF.Un_addvatrate_Addvat" name="GoToUrlAssertUrlPositiveSelectVATStatus1PositiveEnterEffectiveDatePositiveSelectFlatrateBusines" time="47.173"/>
  <system-out/>
</testsuite> <!-- VAT3_UnReconciled_STOF.Un_addvatrate_Addvat -->
