<?xml version="1.0" encoding="UTF-8"?>
<!-- Generated by org.testng.reporters.JUnitReportReporter -->
<testsuite hostname="OB-Sum" failures="0" tests="1" name="VAT3_InvoiceFullyReconcile.ScriptVATReturn3stVATReturnReport_SToFRS_DefaultProfileFullyReconcile_3" time="47.633" errors="0" timestamp="2021-11-25T12:11:10 IST" skipped="0">
  <testcase classname="VAT3_InvoiceFullyReconcile.ScriptVATReturn3stVATReturnReport_SToFRS_DefaultProfileFullyReconcile_3" name="GoToUrlAssertUrlPositiveEnterUserNamePositiveEnterPasswordClickLoginButtonGoToUrlAssertUrlCl" time="47.633"/>
  <system-out/>
</testsuite> <!-- VAT3_InvoiceFullyReconcile.ScriptVATReturn3stVATReturnReport_SToFRS_DefaultProfileFullyReconcile_3 -->
