<?xml version="1.0" encoding="UTF-8"?>
<!-- Generated by org.testng.reporters.JUnitReportReporter -->
<testsuite hostname="OB-Sum" failures="0" tests="1" name="Supplier_FRSToFRSP.ScriptVATReturn3stVATReturnReport_FRSToStandard_DefaultProfile" time="46.740" errors="0" timestamp="2021-12-09T11:24:15 IST" skipped="0">
  <testcase classname="Supplier_FRSToFRSP.ScriptVATReturn3stVATReturnReport_FRSToStandard_DefaultProfile" name="GoToUrlAssertUrlPositiveEnterUserNamePositiveEnterPasswordClickLoginButtonGoToUrlAssertUrlCl" time="46.740"/>
  <system-out/>
</testsuite> <!-- Supplier_FRSToFRSP.ScriptVATReturn3stVATReturnReport_FRSToStandard_DefaultProfile -->
